#
# There is insufficient memory for the Java Runtime Environment to continue.
# Native memory allocation (malloc) failed to allocate 3554336 bytes. Error detail: Chunk::new
# Possible reasons:
#   The system is out of physical RAM or swap space
#   This process is running with CompressedOops enabled, and the Java Heap may be blocking the growth of the native heap
# Possible solutions:
#   Reduce memory load on the system
#   Increase physical memory or swap space
#   Check if swap backing store is full
#   Decrease Java heap size (-Xmx/-Xms)
#   Decrease number of Java threads
#   Decrease Java thread stack sizes (-Xss)
#   Set larger code cache with -XX:ReservedCodeCacheSize=
#   JVM is running with Unscaled Compressed Oops mode in which the Java heap is
#     placed in the first 4GB address space. The Java Heap base address is the
#     maximum limit for the native heap growth. Please use -XX:HeapBaseMinAddress
#     to set the Java Heap base and to place the Java Heap above 4GB virtual address.
# This output file may be truncated or incomplete.
#
#  Out of Memory Error (arena.cpp:168), pid=16284, tid=27008
#
# JRE version: OpenJDK Runtime Environment Temurin-21.0.10+7 (21.0.10+7) (build 21.0.10+7-LTS)
# Java VM: OpenJDK 64-Bit Server VM Temurin-21.0.10+7 (21.0.10+7-LTS, mixed mode, sharing, tiered, compressed oops, compressed class ptrs, g1 gc, windows-amd64)
# No core dump will be written. Minidumps are not enabled by default on client versions of Windows
#

---------------  S U M M A R Y ------------

Command Line: --add-opens=java.base/java.lang=ALL-UNNAMED --add-opens=java.base/java.lang.invoke=ALL-UNNAMED --add-opens=java.base/java.util=ALL-UNNAMED --add-opens=java.prefs/java.util.prefs=ALL-UNNAMED --add-exports=jdk.compiler/com.sun.tools.javac.api=ALL-UNNAMED --add-exports=jdk.compiler/com.sun.tools.javac.util=ALL-UNNAMED --add-opens=java.base/java.util=ALL-UNNAMED --add-opens=java.prefs/java.util.prefs=ALL-UNNAMED --add-opens=java.base/java.nio.charset=ALL-UNNAMED --add-opens=java.base/java.net=ALL-UNNAMED --add-opens=java.base/java.util.concurrent.atomic=ALL-UNNAMED --add-opens=java.xml/javax.xml.namespace=ALL-UNNAMED -XX:MaxMetaspaceSize=512m -Xmx2048m -Dfile.encoding=UTF-8 -Duser.country=IN -Duser.language=en -Duser.variant -javaagent:C:\Users\PAVAN\.gradle\wrapper\dists\gradle-8.14.3-bin\cv11ve7ro1n3o1j4so8xd9n66\gradle-8.14.3\lib\agents\gradle-instrumentation-agent-8.14.3.jar org.gradle.launcher.daemon.bootstrap.GradleDaemon 8.14.3

Host: AMD Ryzen 7 5800U with Radeon Graphics         , 16 cores, 13G,  Windows 11 , 64 bit Build 26100 (10.0.26100.7920)
Time: Sat Apr  4 14:17:59 2026 India Standard Time elapsed time: 21.631231 seconds (0d 0h 0m 21s)

---------------  T H R E A D  ---------------

Current thread (0x000001ecefd04e20):  JavaThread "C2 CompilerThread2" daemon [_thread_in_native, id=27008, stack(0x000000eb11700000,0x000000eb11800000) (1024K)]


Current CompileTask:
C2:21631 11727   !   4       org.jetbrains.kotlin.metadata.ProtoBuf$Class::<init> (2890 bytes)

Stack: [0x000000eb11700000,0x000000eb11800000]
Native frames: (J=compiled Java code, j=interpreted, Vv=VM code, C=native code)
V  [jvm.dll+0x6d7a39]
V  [jvm.dll+0x8b4b26]
V  [jvm.dll+0x8b70de]
V  [jvm.dll+0x8b77c3]
V  [jvm.dll+0x284346]
V  [jvm.dll+0xc66ed]
V  [jvm.dll+0xc6c31]
V  [jvm.dll+0x3bec3b]
V  [jvm.dll+0x38b162]
V  [jvm.dll+0x38a5aa]
V  [jvm.dll+0x24c560]
V  [jvm.dll+0x24bb40]
V  [jvm.dll+0x1cb34e]
V  [jvm.dll+0x25b85d]
V  [jvm.dll+0x259dea]
V  [jvm.dll+0x3f857e]
V  [jvm.dll+0x85f59d]
V  [jvm.dll+0x6d626d]
C  [ucrtbase.dll+0x37b0]
C  [KERNEL32.DLL+0x2e8d7]
C  [ntdll.dll+0x8c48c]


---------------  P R O C E S S  ---------------

Threads class SMR info:
_java_thread_list=0x000001ecee78cf70, length=47, elements={
0x000001ecd09d5f10, 0x000001ece8c7c7a0, 0x000001ece8c7e5c0, 0x000001ece8c87ff0,
0x000001ece8c8ae70, 0x000001ece8c8d230, 0x000001ece8c91270, 0x000001ece8c96800,
0x000001ece8c99a90, 0x000001ece8d645e0, 0x000001ece8c90be0, 0x000001ece8c91900,
0x000001ece8c8fec0, 0x000001ece8c90550, 0x000001ece8c8eb10, 0x000001ecef3e5710,
0x000001ecef3e49f0, 0x000001ecef3e5da0, 0x000001ecef3e4360, 0x000001ecef3e3640,
0x000001ecef3e5080, 0x000001ecef3e2920, 0x000001ecef3e3cd0, 0x000001ecef3e6430,
0x000001ecef3e2fb0, 0x000001ecef3e98b0, 0x000001ecef3e77e0, 0x000001ecef3e8b90,
0x000001ecef3e7e70, 0x000001ecef3e7150, 0x000001ecef3e8500, 0x000001ecef3e9220,
0x000001ece8c8f830, 0x000001ecf29e3f20, 0x000001ecf29e3890, 0x000001ecf29e1e50,
0x000001ecf29e45b0, 0x000001ecf29e3200, 0x000001ecf6043cc0, 0x000001ecf6042910,
0x000001ecf6044350, 0x000001ecf60449e0, 0x000001ecf6045070, 0x000001ecf6042280,
0x000001ecefd07dd0, 0x000001ecefd04e20, 0x000001ecf1d90a50
}

Java Threads: ( => current thread )
  0x000001ecd09d5f10 JavaThread "main"                              [_thread_blocked, id=4012, stack(0x000000eb0d300000,0x000000eb0d400000) (1024K)]
  0x000001ece8c7c7a0 JavaThread "Reference Handler"          daemon [_thread_blocked, id=33132, stack(0x000000eb0db00000,0x000000eb0dc00000) (1024K)]
  0x000001ece8c7e5c0 JavaThread "Finalizer"                  daemon [_thread_blocked, id=2776, stack(0x000000eb0dc00000,0x000000eb0dd00000) (1024K)]
  0x000001ece8c87ff0 JavaThread "Signal Dispatcher"          daemon [_thread_blocked, id=26616, stack(0x000000eb0dd00000,0x000000eb0de00000) (1024K)]
  0x000001ece8c8ae70 JavaThread "Attach Listener"            daemon [_thread_blocked, id=7872, stack(0x000000eb0de00000,0x000000eb0df00000) (1024K)]
  0x000001ece8c8d230 JavaThread "Service Thread"             daemon [_thread_blocked, id=22428, stack(0x000000eb0df00000,0x000000eb0e000000) (1024K)]
  0x000001ece8c91270 JavaThread "Monitor Deflation Thread"   daemon [_thread_blocked, id=28180, stack(0x000000eb0e000000,0x000000eb0e100000) (1024K)]
  0x000001ece8c96800 JavaThread "C2 CompilerThread0"         daemon [_thread_in_native, id=2232, stack(0x000000eb0e100000,0x000000eb0e200000) (1024K)]
  0x000001ece8c99a90 JavaThread "C1 CompilerThread0"         daemon [_thread_in_native, id=4112, stack(0x000000eb0e200000,0x000000eb0e300000) (1024K)]
  0x000001ece8d645e0 JavaThread "C1 CompilerThread1"         daemon [_thread_in_vm, id=2280, stack(0x000000eb0e300000,0x000000eb0e400000) (1024K)]
  0x000001ece8c90be0 JavaThread "Common-Cleaner"             daemon [_thread_blocked, id=28728, stack(0x000000eb0e500000,0x000000eb0e600000) (1024K)]
  0x000001ece8c91900 JavaThread "Notification Thread"        daemon [_thread_blocked, id=16620, stack(0x000000eb0e600000,0x000000eb0e700000) (1024K)]
  0x000001ece8c8fec0 JavaThread "Daemon health stats"               [_thread_blocked, id=30248, stack(0x000000eb0ee00000,0x000000eb0ef00000) (1024K)]
  0x000001ece8c90550 JavaThread "Incoming local TCP Connector on port 49196"        [_thread_in_native, id=33112, stack(0x000000eb0ef00000,0x000000eb0f000000) (1024K)]
  0x000001ece8c8eb10 JavaThread "Daemon periodic checks"            [_thread_blocked, id=5720, stack(0x000000eb0e800000,0x000000eb0e900000) (1024K)]
  0x000001ecef3e5710 JavaThread "Daemon"                            [_thread_blocked, id=16616, stack(0x000000eb0f000000,0x000000eb0f100000) (1024K)]
  0x000001ecef3e49f0 JavaThread "Handler for socket connection from /127.0.0.1:49196 to /127.0.0.1:49197"        [_thread_in_native, id=31236, stack(0x000000eb0f100000,0x000000eb0f200000) (1024K)]
  0x000001ecef3e5da0 JavaThread "Cancel handler"                    [_thread_blocked, id=32580, stack(0x000000eb0fa00000,0x000000eb0fb00000) (1024K)]
  0x000001ecef3e4360 JavaThread "Daemon worker"                     [_thread_blocked, id=30816, stack(0x000000eb0fb00000,0x000000eb0fc00000) (1024K)]
  0x000001ecef3e3640 JavaThread "Asynchronous log dispatcher for DefaultDaemonConnection: socket connection from /127.0.0.1:49196 to /127.0.0.1:49197"        [_thread_blocked, id=28872, stack(0x000000eb0fc00000,0x000000eb0fd00000) (1024K)]
  0x000001ecef3e5080 JavaThread "Stdin handler"                     [_thread_blocked, id=25908, stack(0x000000eb0fd00000,0x000000eb0fe00000) (1024K)]
  0x000001ecef3e2920 JavaThread "Daemon client event forwarder"        [_thread_blocked, id=14308, stack(0x000000eb0fe00000,0x000000eb0ff00000) (1024K)]
  0x000001ecef3e3cd0 JavaThread "Cache worker for journal cache (C:\Users\PAVAN\.gradle\caches\journal-1)"        [_thread_blocked, id=33436, stack(0x000000eb0ff00000,0x000000eb10000000) (1024K)]
  0x000001ecef3e6430 JavaThread "File lock request listener"        [_thread_in_native, id=33616, stack(0x000000eb10000000,0x000000eb10100000) (1024K)]
  0x000001ecef3e2fb0 JavaThread "Cache worker for file hash cache (C:\Users\PAVAN\.gradle\caches\8.14.3\fileHashes)"        [_thread_in_native, id=33780, stack(0x000000eb10100000,0x000000eb10200000) (1024K)]
  0x000001ecef3e98b0 JavaThread "Cache worker for file hash cache (A:\cyclink\cyclink\mobile_app\android\.gradle\8.14.3\fileHashes)"        [_thread_blocked, id=18448, stack(0x000000eb10400000,0x000000eb10500000) (1024K)]
  0x000001ecef3e77e0 JavaThread "Cache worker for Build Output Cleanup Cache (A:\cyclink\cyclink\mobile_app\android\.gradle\buildOutputCleanup)"        [_thread_blocked, id=2816, stack(0x000000eb10600000,0x000000eb10700000) (1024K)]
  0x000001ecef3e8b90 JavaThread "File watcher server"        daemon [_thread_in_native, id=30804, stack(0x000000eb10700000,0x000000eb10800000) (1024K)]
  0x000001ecef3e7e70 JavaThread "File watcher consumer"      daemon [_thread_blocked, id=18636, stack(0x000000eb10800000,0x000000eb10900000) (1024K)]
  0x000001ecef3e7150 JavaThread "jar transforms"                    [_thread_blocked, id=32312, stack(0x000000eb10a00000,0x000000eb10b00000) (1024K)]
  0x000001ecef3e8500 JavaThread "Cache worker for checksums cache (A:\cyclink\cyclink\mobile_app\android\.gradle\8.14.3\checksums)"        [_thread_blocked, id=31604, stack(0x000000eb10b00000,0x000000eb10c00000) (1024K)]
  0x000001ecef3e9220 JavaThread "Cache worker for file content cache (C:\Users\PAVAN\.gradle\caches\8.14.3\fileContent)"        [_thread_blocked, id=17552, stack(0x000000eb10c00000,0x000000eb10d00000) (1024K)]
  0x000001ece8c8f830 JavaThread "Exec process"                      [_thread_blocked, id=28372, stack(0x000000eb10d00000,0x000000eb10e00000) (1024K)]
  0x000001ecf29e3f20 JavaThread "Exec process Thread 2"             [_thread_blocked, id=14160, stack(0x000000eb10e00000,0x000000eb10f00000) (1024K)]
  0x000001ecf29e3890 JavaThread "Exec process Thread 3"             [_thread_blocked, id=21024, stack(0x000000eb10f00000,0x000000eb11000000) (1024K)]
  0x000001ecf29e1e50 JavaThread "Cache worker for cache directory md-supplier (C:\Users\PAVAN\.gradle\caches\8.14.3\md-supplier)"        [_thread_blocked, id=17940, stack(0x000000eb10900000,0x000000eb10a00000) (1024K)]
  0x000001ecf29e45b0 JavaThread "Cache worker for cache directory md-rule (C:\Users\PAVAN\.gradle\caches\8.14.3\md-rule)"        [_thread_blocked, id=32732, stack(0x000000eb11000000,0x000000eb11100000) (1024K)]
  0x000001ecf29e3200 JavaThread "Cache worker for Build Output Cleanup Cache (A:\cyclink\cyclink\mobile_app\node_modules\@react-native\gradle-plugin\.gradle\buildOutputCleanup)"        [_thread_blocked, id=28552, stack(0x000000eb11100000,0x000000eb11200000) (1024K)]
  0x000001ecf6043cc0 JavaThread "Unconstrained build operations"        [_thread_blocked, id=22564, stack(0x000000eb0ed00000,0x000000eb0ee00000) (1024K)]
  0x000001ecf6042910 JavaThread "Unconstrained build operations Thread 2"        [_thread_blocked, id=16584, stack(0x000000eb11200000,0x000000eb11300000) (1024K)]
  0x000001ecf6044350 JavaThread "Unconstrained build operations Thread 3"        [_thread_blocked, id=12176, stack(0x000000eb11300000,0x000000eb11400000) (1024K)]
  0x000001ecf60449e0 JavaThread "Unconstrained build operations Thread 4"        [_thread_blocked, id=18504, stack(0x000000eb11400000,0x000000eb11500000) (1024K)]
  0x000001ecf6045070 JavaThread "Unconstrained build operations Thread 5"        [_thread_blocked, id=6588, stack(0x000000eb11500000,0x000000eb11600000) (1024K)]
  0x000001ecf6042280 JavaThread "Unconstrained build operations Thread 6"        [_thread_blocked, id=16396, stack(0x000000eb11600000,0x000000eb11700000) (1024K)]
  0x000001ecefd07dd0 JavaThread "C2 CompilerThread1"         daemon [_thread_blocked, id=31184, stack(0x000000eb0e700000,0x000000eb0e800000) (1024K)]
=>0x000001ecefd04e20 JavaThread "C2 CompilerThread2"         daemon [_thread_in_native, id=27008, stack(0x000000eb11700000,0x000000eb11800000) (1024K)]
  0x000001ecf1d90a50 JavaThread "Cache worker for Build Output Cleanup Cache (A:\cyclink\cyclink\mobile_app\node_modules\expo-modules-autolinking\android\expo-gradle-plugin\.gradle\buildOutputCleanup)"        [_thread_blocked, id=31500, stack(0x000000eb11800000,0x000000eb11900000) (1024K)]
Total: 47

Other Threads:
  0x000001ece8c570e0 VMThread "VM Thread"                           [id=3008, stack(0x000000eb0da00000,0x000000eb0db00000) (1024K)]
  0x000001ece8c44d90 WatcherThread "VM Periodic Task Thread"        [id=32396, stack(0x000000eb0d900000,0x000000eb0da00000) (1024K)]
  0x000001ecd0a2f8c0 WorkerThread "GC Thread#0"                     [id=25140, stack(0x000000eb0d400000,0x000000eb0d500000) (1024K)]
  0x000001ece922bc80 WorkerThread "GC Thread#1"                     [id=33524, stack(0x000000eb0e900000,0x000000eb0ea00000) (1024K)]
  0x000001ece8fd6420 WorkerThread "GC Thread#2"                     [id=29072, stack(0x000000eb0ea00000,0x000000eb0eb00000) (1024K)]
  0x000001ece8f94c50 WorkerThread "GC Thread#3"                     [id=29468, stack(0x000000eb0eb00000,0x000000eb0ec00000) (1024K)]
  0x000001ece8f95000 WorkerThread "GC Thread#4"                     [id=21116, stack(0x000000eb0ec00000,0x000000eb0ed00000) (1024K)]
  0x000001ecef3f4360 WorkerThread "GC Thread#5"                     [id=31612, stack(0x000000eb0f200000,0x000000eb0f300000) (1024K)]
  0x000001ecef3ebd00 WorkerThread "GC Thread#6"                     [id=33752, stack(0x000000eb0f300000,0x000000eb0f400000) (1024K)]
  0x000001ecef3ecfc0 WorkerThread "GC Thread#7"                     [id=29268, stack(0x000000eb0f400000,0x000000eb0f500000) (1024K)]
  0x000001ecef3ec100 WorkerThread "GC Thread#8"                     [id=16184, stack(0x000000eb0f500000,0x000000eb0f600000) (1024K)]
  0x000001ecef3ec4b0 WorkerThread "GC Thread#9"                     [id=15440, stack(0x000000eb0f600000,0x000000eb0f700000) (1024K)]
  0x000001ecef3ec860 WorkerThread "GC Thread#10"                    [id=33176, stack(0x000000eb0f700000,0x000000eb0f800000) (1024K)]
  0x000001ecef3ed720 WorkerThread "GC Thread#11"                    [id=22096, stack(0x000000eb0f800000,0x000000eb0f900000) (1024K)]
  0x000001ecef3ecc10 WorkerThread "GC Thread#12"                    [id=25920, stack(0x000000eb0f900000,0x000000eb0fa00000) (1024K)]
  0x000001ecd0a43260 ConcurrentGCThread "G1 Main Marker"            [id=33232, stack(0x000000eb0d500000,0x000000eb0d600000) (1024K)]
  0x000001ecd0a43c80 WorkerThread "G1 Conc#0"                       [id=23052, stack(0x000000eb0d600000,0x000000eb0d700000) (1024K)]
  0x000001ecefa6bf70 WorkerThread "G1 Conc#1"                       [id=5188, stack(0x000000eb10200000,0x000000eb10300000) (1024K)]
  0x000001ecefa6ce30 WorkerThread "G1 Conc#2"                       [id=14964, stack(0x000000eb10300000,0x000000eb10400000) (1024K)]
  0x000001ece8b11570 ConcurrentGCThread "G1 Refine#0"               [id=30736, stack(0x000000eb0d700000,0x000000eb0d800000) (1024K)]
  0x000001ece8b12eb0 ConcurrentGCThread "G1 Service"                [id=12280, stack(0x000000eb0d800000,0x000000eb0d900000) (1024K)]
Total: 21

Threads with active compile tasks:
C2 CompilerThread2  21687 11727   !   4       org.jetbrains.kotlin.metadata.ProtoBuf$Class::<init> (2890 bytes)
Total: 1

VM state: not at safepoint (normal execution)

VM Mutex/Monitor currently owned by a thread: None

Heap address: 0x0000000080000000, size: 2048 MB, Compressed Oops mode: 32-bit

CDS archive(s) mapped at: [0x000001ec80000000-0x000001ec80ba0000-0x000001ec80ba0000), size 12189696, SharedBaseAddress: 0x000001ec80000000, ArchiveRelocationMode: 1.
Compressed class space mapped at: 0x000001ec81000000-0x000001ec9b000000, reserved size: 436207616
Narrow klass base: 0x000001ec80000000, Narrow klass shift: 0, Narrow klass range: 0x100000000

GC Precious Log:
 CardTable entry size: 512
 Card Set container configuration: InlinePtr #cards 5 size 8 Array Of Cards #cards 12 size 40 Howl #buckets 4 coarsen threshold 1843 Howl Bitmap #cards 512 size 80 coarsen threshold 460 Card regions per heap region 1 cards per card region 2048
 CPUs: 16 total, 16 available
 Memory: 14188M
 Large Page Support: Disabled
 NUMA Support: Disabled
 Compressed Oops: Enabled (32-bit)
 Heap Region Size: 1M
 Heap Min Capacity: 8M
 Heap Initial Capacity: 222M
 Heap Max Capacity: 2G
 Pre-touch: Disabled
 Parallel Workers: 13
 Concurrent Workers: 3
 Concurrent Refinement Workers: 13
 Periodic GC: Disabled

Heap:
 garbage-first heap   total 184320K, used 120234K [0x0000000080000000, 0x0000000100000000)
  region size 1024K, 16 young (16384K), 5 survivors (5120K)
 Metaspace       used 113825K, committed 116096K, reserved 557056K
  class space    used 14834K, committed 15936K, reserved 425984K

Heap Regions: E=young(eden), S=young(survivor), O=old, HS=humongous(starts), HC=humongous(continues), CS=collection set, F=free, TAMS=top-at-mark-start, PB=parsable bottom
|   0|0x0000000080000000, 0x0000000080100000, 0x0000000080100000|100%|HS|  |TAMS 0x0000000080000000| PB 0x0000000080000000| Complete 
|   1|0x0000000080100000, 0x0000000080200000, 0x0000000080200000|100%|HC|  |TAMS 0x0000000080100000| PB 0x0000000080100000| Complete 
|   2|0x0000000080200000, 0x0000000080300000, 0x0000000080300000|100%|HC|  |TAMS 0x0000000080200000| PB 0x0000000080200000| Complete 
|   3|0x0000000080300000, 0x0000000080400000, 0x0000000080400000|100%| O|  |TAMS 0x0000000080300000| PB 0x0000000080300000| Untracked 
|   4|0x0000000080400000, 0x0000000080500000, 0x0000000080500000|100%| O|  |TAMS 0x0000000080400000| PB 0x0000000080400000| Untracked 
|   5|0x0000000080500000, 0x0000000080600000, 0x0000000080600000|100%| O|  |TAMS 0x0000000080500000| PB 0x0000000080500000| Untracked 
|   6|0x0000000080600000, 0x0000000080700000, 0x0000000080700000|100%|HS|  |TAMS 0x0000000080600000| PB 0x0000000080600000| Complete 
|   7|0x0000000080700000, 0x0000000080800000, 0x0000000080800000|100%| O|  |TAMS 0x0000000080700000| PB 0x0000000080700000| Untracked 
|   8|0x0000000080800000, 0x0000000080900000, 0x0000000080900000|100%| O|  |TAMS 0x0000000080800000| PB 0x0000000080800000| Untracked 
|   9|0x0000000080900000, 0x0000000080a00000, 0x0000000080a00000|100%| O|  |TAMS 0x0000000080900000| PB 0x0000000080900000| Untracked 
|  10|0x0000000080a00000, 0x0000000080b00000, 0x0000000080b00000|100%| O|  |TAMS 0x0000000080a00000| PB 0x0000000080a00000| Untracked 
|  11|0x0000000080b00000, 0x0000000080c00000, 0x0000000080c00000|100%| O|  |TAMS 0x0000000080b00000| PB 0x0000000080b00000| Untracked 
|  12|0x0000000080c00000, 0x0000000080d00000, 0x0000000080d00000|100%| O|  |TAMS 0x0000000080c00000| PB 0x0000000080c00000| Untracked 
|  13|0x0000000080d00000, 0x0000000080df1fa0, 0x0000000080e00000| 94%| O|  |TAMS 0x0000000080d00000| PB 0x0000000080d00000| Untracked 
|  14|0x0000000080e00000, 0x0000000080f00000, 0x0000000080f00000|100%| O|  |TAMS 0x0000000080e00000| PB 0x0000000080e00000| Untracked 
|  15|0x0000000080f00000, 0x0000000081000000, 0x0000000081000000|100%| O|  |TAMS 0x0000000080f00000| PB 0x0000000080f00000| Untracked 
|  16|0x0000000081000000, 0x0000000081100000, 0x0000000081100000|100%| O|  |TAMS 0x0000000081000000| PB 0x0000000081000000| Untracked 
|  17|0x0000000081100000, 0x0000000081200000, 0x0000000081200000|100%| O|  |TAMS 0x0000000081100000| PB 0x0000000081100000| Untracked 
|  18|0x0000000081200000, 0x0000000081300000, 0x0000000081300000|100%| O|  |TAMS 0x0000000081200000| PB 0x0000000081200000| Untracked 
|  19|0x0000000081300000, 0x0000000081400000, 0x0000000081400000|100%| O|  |TAMS 0x0000000081300000| PB 0x0000000081300000| Untracked 
|  20|0x0000000081400000, 0x0000000081500000, 0x0000000081500000|100%| O|  |TAMS 0x0000000081400000| PB 0x0000000081400000| Untracked 
|  21|0x0000000081500000, 0x0000000081600000, 0x0000000081600000|100%| O|  |TAMS 0x0000000081500000| PB 0x0000000081500000| Untracked 
|  22|0x0000000081600000, 0x0000000081700000, 0x0000000081700000|100%| O|  |TAMS 0x0000000081600000| PB 0x0000000081600000| Untracked 
|  23|0x0000000081700000, 0x0000000081800000, 0x0000000081800000|100%| O|  |TAMS 0x0000000081700000| PB 0x0000000081700000| Untracked 
|  24|0x0000000081800000, 0x0000000081900000, 0x0000000081900000|100%| O|  |TAMS 0x0000000081800000| PB 0x0000000081800000| Untracked 
|  25|0x0000000081900000, 0x0000000081a00000, 0x0000000081a00000|100%| O|  |TAMS 0x0000000081900000| PB 0x0000000081900000| Untracked 
|  26|0x0000000081a00000, 0x0000000081b00000, 0x0000000081b00000|100%| O|  |TAMS 0x0000000081a00000| PB 0x0000000081a00000| Untracked 
|  27|0x0000000081b00000, 0x0000000081c00000, 0x0000000081c00000|100%| O|  |TAMS 0x0000000081b00000| PB 0x0000000081b00000| Untracked 
|  28|0x0000000081c00000, 0x0000000081d00000, 0x0000000081d00000|100%| O|  |TAMS 0x0000000081c00000| PB 0x0000000081c00000| Untracked 
|  29|0x0000000081d00000, 0x0000000081e00000, 0x0000000081e00000|100%| O|  |TAMS 0x0000000081d00000| PB 0x0000000081d00000| Untracked 
|  30|0x0000000081e00000, 0x0000000081f00000, 0x0000000081f00000|100%| O|  |TAMS 0x0000000081e00000| PB 0x0000000081e00000| Untracked 
|  31|0x0000000081f00000, 0x0000000082000000, 0x0000000082000000|100%| O|  |TAMS 0x0000000081f00000| PB 0x0000000081f00000| Untracked 
|  32|0x0000000082000000, 0x0000000082100000, 0x0000000082100000|100%| O|  |TAMS 0x0000000082000000| PB 0x0000000082000000| Untracked 
|  33|0x0000000082100000, 0x0000000082200000, 0x0000000082200000|100%| O|  |TAMS 0x0000000082100000| PB 0x0000000082100000| Untracked 
|  34|0x0000000082200000, 0x0000000082300000, 0x0000000082300000|100%| O|  |TAMS 0x0000000082200000| PB 0x0000000082200000| Untracked 
|  35|0x0000000082300000, 0x0000000082400000, 0x0000000082400000|100%| O|  |TAMS 0x0000000082300000| PB 0x0000000082300000| Untracked 
|  36|0x0000000082400000, 0x0000000082500000, 0x0000000082500000|100%| O|  |TAMS 0x0000000082400000| PB 0x0000000082400000| Untracked 
|  37|0x0000000082500000, 0x0000000082600000, 0x0000000082600000|100%| O|  |TAMS 0x0000000082500000| PB 0x0000000082500000| Untracked 
|  38|0x0000000082600000, 0x0000000082700000, 0x0000000082700000|100%| O|  |TAMS 0x0000000082600000| PB 0x0000000082600000| Untracked 
|  39|0x0000000082700000, 0x0000000082800000, 0x0000000082800000|100%| O|  |TAMS 0x0000000082700000| PB 0x0000000082700000| Untracked 
|  40|0x0000000082800000, 0x0000000082900000, 0x0000000082900000|100%| O|  |TAMS 0x0000000082800000| PB 0x0000000082800000| Untracked 
|  41|0x0000000082900000, 0x0000000082a00000, 0x0000000082a00000|100%| O|  |TAMS 0x0000000082900000| PB 0x0000000082900000| Untracked 
|  42|0x0000000082a00000, 0x0000000082b00000, 0x0000000082b00000|100%| O|  |TAMS 0x0000000082a00000| PB 0x0000000082a00000| Untracked 
|  43|0x0000000082b00000, 0x0000000082c00000, 0x0000000082c00000|100%|HS|  |TAMS 0x0000000082b00000| PB 0x0000000082b00000| Complete 
|  44|0x0000000082c00000, 0x0000000082d00000, 0x0000000082d00000|100%| O|  |TAMS 0x0000000082c00000| PB 0x0000000082c00000| Untracked 
|  45|0x0000000082d00000, 0x0000000082e00000, 0x0000000082e00000|100%| O|  |TAMS 0x0000000082d00000| PB 0x0000000082d00000| Untracked 
|  46|0x0000000082e00000, 0x0000000082f00000, 0x0000000082f00000|100%| O|  |TAMS 0x0000000082e00000| PB 0x0000000082e00000| Untracked 
|  47|0x0000000082f00000, 0x0000000083000000, 0x0000000083000000|100%|HS|  |TAMS 0x0000000082f00000| PB 0x0000000082f00000| Complete 
|  48|0x0000000083000000, 0x0000000083100000, 0x0000000083100000|100%|HC|  |TAMS 0x0000000083000000| PB 0x0000000083000000| Complete 
|  49|0x0000000083100000, 0x0000000083200000, 0x0000000083200000|100%|HC|  |TAMS 0x0000000083100000| PB 0x0000000083100000| Complete 
|  50|0x0000000083200000, 0x0000000083300000, 0x0000000083300000|100%|HC|  |TAMS 0x0000000083200000| PB 0x0000000083200000| Complete 
|  51|0x0000000083300000, 0x0000000083400000, 0x0000000083400000|100%|HC|  |TAMS 0x0000000083300000| PB 0x0000000083300000| Complete 
|  52|0x0000000083400000, 0x0000000083500000, 0x0000000083500000|100%|HC|  |TAMS 0x0000000083400000| PB 0x0000000083400000| Complete 
|  53|0x0000000083500000, 0x0000000083600000, 0x0000000083600000|100%| O|  |TAMS 0x0000000083500000| PB 0x0000000083500000| Untracked 
|  54|0x0000000083600000, 0x0000000083700000, 0x0000000083700000|100%| O|  |TAMS 0x0000000083600000| PB 0x0000000083600000| Untracked 
|  55|0x0000000083700000, 0x0000000083800000, 0x0000000083800000|100%| O|  |TAMS 0x0000000083700000| PB 0x0000000083700000| Untracked 
|  56|0x0000000083800000, 0x0000000083900000, 0x0000000083900000|100%| O|  |TAMS 0x0000000083800000| PB 0x0000000083800000| Untracked 
|  57|0x0000000083900000, 0x0000000083a00000, 0x0000000083a00000|100%| O|  |TAMS 0x0000000083900000| PB 0x0000000083900000| Untracked 
|  58|0x0000000083a00000, 0x0000000083b00000, 0x0000000083b00000|100%| O|  |TAMS 0x0000000083a00000| PB 0x0000000083a00000| Untracked 
|  59|0x0000000083b00000, 0x0000000083c00000, 0x0000000083c00000|100%| O|  |TAMS 0x0000000083b00000| PB 0x0000000083b00000| Untracked 
|  60|0x0000000083c00000, 0x0000000083d00000, 0x0000000083d00000|100%| O|Cm|TAMS 0x0000000083c00000| PB 0x0000000083c00000| Complete 
|  61|0x0000000083d00000, 0x0000000083e00000, 0x0000000083e00000|100%| O|  |TAMS 0x0000000083d00000| PB 0x0000000083d00000| Untracked 
|  62|0x0000000083e00000, 0x0000000083f00000, 0x0000000083f00000|100%| O|  |TAMS 0x0000000083e00000| PB 0x0000000083e00000| Untracked 
|  63|0x0000000083f00000, 0x0000000084000000, 0x0000000084000000|100%| O|  |TAMS 0x0000000083f00000| PB 0x0000000083f00000| Untracked 
|  64|0x0000000084000000, 0x0000000084100000, 0x0000000084100000|100%| O|  |TAMS 0x0000000084000000| PB 0x0000000084000000| Untracked 
|  65|0x0000000084100000, 0x0000000084200000, 0x0000000084200000|100%| O|  |TAMS 0x0000000084100000| PB 0x0000000084100000| Untracked 
|  66|0x0000000084200000, 0x0000000084291120, 0x0000000084300000| 56%| O|  |TAMS 0x0000000084200000| PB 0x0000000084200000| Untracked 
|  67|0x0000000084300000, 0x0000000084400000, 0x0000000084400000|100%| O|  |TAMS 0x0000000084300000| PB 0x0000000084300000| Untracked 
|  68|0x0000000084400000, 0x0000000084500000, 0x0000000084500000|100%| O|  |TAMS 0x0000000084400000| PB 0x0000000084400000| Untracked 
|  69|0x0000000084500000, 0x0000000084600000, 0x0000000084600000|100%| O|  |TAMS 0x0000000084500000| PB 0x0000000084500000| Untracked 
|  70|0x0000000084600000, 0x0000000084700000, 0x0000000084700000|100%| O|Cm|TAMS 0x0000000084600000| PB 0x0000000084600000| Complete 
|  71|0x0000000084700000, 0x0000000084800000, 0x0000000084800000|100%| O|  |TAMS 0x0000000084700000| PB 0x0000000084700000| Untracked 
|  72|0x0000000084800000, 0x0000000084800000, 0x0000000084900000|  0%| F|  |TAMS 0x0000000084800000| PB 0x0000000084800000| Untracked 
|  73|0x0000000084900000, 0x0000000084a00000, 0x0000000084a00000|100%| O|  |TAMS 0x0000000084900000| PB 0x0000000084900000| Untracked 
|  74|0x0000000084a00000, 0x0000000084b00000, 0x0000000084b00000|100%| O|  |TAMS 0x0000000084a00000| PB 0x0000000084a00000| Untracked 
|  75|0x0000000084b00000, 0x0000000084b00000, 0x0000000084c00000|  0%| F|  |TAMS 0x0000000084b00000| PB 0x0000000084b00000| Untracked 
|  76|0x0000000084c00000, 0x0000000084d00000, 0x0000000084d00000|100%| O|  |TAMS 0x0000000084c00000| PB 0x0000000084c00000| Untracked 
|  77|0x0000000084d00000, 0x0000000084e00000, 0x0000000084e00000|100%| O|Cm|TAMS 0x0000000084d00000| PB 0x0000000084d00000| Complete 
|  78|0x0000000084e00000, 0x0000000084f00000, 0x0000000084f00000|100%| O|  |TAMS 0x0000000084e00000| PB 0x0000000084e00000| Untracked 
|  79|0x0000000084f00000, 0x0000000085000000, 0x0000000085000000|100%| O|  |TAMS 0x0000000084f00000| PB 0x0000000084f00000| Untracked 
|  80|0x0000000085000000, 0x0000000085100000, 0x0000000085100000|100%| O|  |TAMS 0x0000000085000000| PB 0x0000000085000000| Untracked 
|  81|0x0000000085100000, 0x0000000085200000, 0x0000000085200000|100%| O|Cm|TAMS 0x0000000085100000| PB 0x0000000085100000| Complete 
|  82|0x0000000085200000, 0x0000000085300000, 0x0000000085300000|100%| O|Cm|TAMS 0x0000000085200000| PB 0x0000000085200000| Complete 
|  83|0x0000000085300000, 0x0000000085300000, 0x0000000085400000|  0%| F|  |TAMS 0x0000000085300000| PB 0x0000000085300000| Untracked 
|  84|0x0000000085400000, 0x0000000085500000, 0x0000000085500000|100%| O|  |TAMS 0x0000000085400000| PB 0x0000000085400000| Untracked 
|  85|0x0000000085500000, 0x0000000085600000, 0x0000000085600000|100%| O|Cm|TAMS 0x0000000085500000| PB 0x0000000085500000| Complete 
|  86|0x0000000085600000, 0x0000000085700000, 0x0000000085700000|100%| O|Cm|TAMS 0x0000000085600000| PB 0x0000000085600000| Complete 
|  87|0x0000000085700000, 0x0000000085800000, 0x0000000085800000|100%| O|Cm|TAMS 0x0000000085700000| PB 0x0000000085700000| Complete 
|  88|0x0000000085800000, 0x0000000085900000, 0x0000000085900000|100%| O|Cm|TAMS 0x0000000085800000| PB 0x0000000085800000| Complete 
|  89|0x0000000085900000, 0x0000000085a00000, 0x0000000085a00000|100%| O|Cm|TAMS 0x0000000085900000| PB 0x0000000085900000| Complete 
|  90|0x0000000085a00000, 0x0000000085b00000, 0x0000000085b00000|100%| O|Cm|TAMS 0x0000000085a00000| PB 0x0000000085a00000| Complete 
|  91|0x0000000085b00000, 0x0000000085c00000, 0x0000000085c00000|100%| O|  |TAMS 0x0000000085b00000| PB 0x0000000085b00000| Untracked 
|  92|0x0000000085c00000, 0x0000000085c00000, 0x0000000085d00000|  0%| F|  |TAMS 0x0000000085c00000| PB 0x0000000085c00000| Untracked 
|  93|0x0000000085d00000, 0x0000000085e00000, 0x0000000085e00000|100%| O|  |TAMS 0x0000000085d00000| PB 0x0000000085d00000| Untracked 
|  94|0x0000000085e00000, 0x0000000085f00000, 0x0000000085f00000|100%| O|  |TAMS 0x0000000085e00000| PB 0x0000000085e00000| Untracked 
|  95|0x0000000085f00000, 0x0000000086000000, 0x0000000086000000|100%| O|  |TAMS 0x0000000085f00000| PB 0x0000000085f00000| Untracked 
|  96|0x0000000086000000, 0x0000000086100000, 0x0000000086100000|100%| O|  |TAMS 0x0000000086000000| PB 0x0000000086000000| Untracked 
|  97|0x0000000086100000, 0x0000000086200000, 0x0000000086200000|100%| O|  |TAMS 0x0000000086100000| PB 0x0000000086100000| Untracked 
|  98|0x0000000086200000, 0x0000000086300000, 0x0000000086300000|100%| O|  |TAMS 0x0000000086200000| PB 0x0000000086200000| Untracked 
|  99|0x0000000086300000, 0x0000000086400000, 0x0000000086400000|100%| O|  |TAMS 0x0000000086300000| PB 0x0000000086300000| Untracked 
| 100|0x0000000086400000, 0x0000000086500000, 0x0000000086500000|100%| O|  |TAMS 0x0000000086400000| PB 0x0000000086400000| Untracked 
| 101|0x0000000086500000, 0x0000000086600000, 0x0000000086600000|100%| O|  |TAMS 0x0000000086500000| PB 0x0000000086500000| Untracked 
| 102|0x0000000086600000, 0x0000000086700000, 0x0000000086700000|100%| O|  |TAMS 0x0000000086600000| PB 0x0000000086600000| Untracked 
| 103|0x0000000086700000, 0x0000000086700000, 0x0000000086800000|  0%| F|  |TAMS 0x0000000086700000| PB 0x0000000086700000| Untracked 
| 104|0x0000000086800000, 0x0000000086800000, 0x0000000086900000|  0%| F|  |TAMS 0x0000000086800000| PB 0x0000000086800000| Untracked 
| 105|0x0000000086900000, 0x0000000086900000, 0x0000000086a00000|  0%| F|  |TAMS 0x0000000086900000| PB 0x0000000086900000| Untracked 
| 106|0x0000000086a00000, 0x0000000086ae7a40, 0x0000000086b00000| 90%| S|CS|TAMS 0x0000000086a00000| PB 0x0000000086a00000| Complete 
| 107|0x0000000086b00000, 0x0000000086b00000, 0x0000000086c00000|  0%| F|  |TAMS 0x0000000086b00000| PB 0x0000000086b00000| Untracked 
| 108|0x0000000086c00000, 0x0000000086c00000, 0x0000000086d00000|  0%| F|  |TAMS 0x0000000086c00000| PB 0x0000000086c00000| Untracked 
| 109|0x0000000086d00000, 0x0000000086d00000, 0x0000000086e00000|  0%| F|  |TAMS 0x0000000086d00000| PB 0x0000000086d00000| Untracked 
| 110|0x0000000086e00000, 0x0000000086e00000, 0x0000000086f00000|  0%| F|  |TAMS 0x0000000086e00000| PB 0x0000000086e00000| Untracked 
| 111|0x0000000086f00000, 0x0000000086f00000, 0x0000000087000000|  0%| F|  |TAMS 0x0000000086f00000| PB 0x0000000086f00000| Untracked 
| 112|0x0000000087000000, 0x0000000087000000, 0x0000000087100000|  0%| F|  |TAMS 0x0000000087000000| PB 0x0000000087000000| Untracked 
| 113|0x0000000087100000, 0x0000000087100000, 0x0000000087200000|  0%| F|  |TAMS 0x0000000087100000| PB 0x0000000087100000| Untracked 
| 114|0x0000000087200000, 0x0000000087300000, 0x0000000087300000|100%| S|CS|TAMS 0x0000000087200000| PB 0x0000000087200000| Complete 
| 115|0x0000000087300000, 0x0000000087400000, 0x0000000087400000|100%| S|CS|TAMS 0x0000000087300000| PB 0x0000000087300000| Complete 
| 116|0x0000000087400000, 0x0000000087500000, 0x0000000087500000|100%| S|CS|TAMS 0x0000000087400000| PB 0x0000000087400000| Complete 
| 117|0x0000000087500000, 0x0000000087600000, 0x0000000087600000|100%| S|CS|TAMS 0x0000000087500000| PB 0x0000000087500000| Complete 
| 118|0x0000000087600000, 0x0000000087600000, 0x0000000087700000|  0%| F|  |TAMS 0x0000000087600000| PB 0x0000000087600000| Untracked 
| 119|0x0000000087700000, 0x0000000087700000, 0x0000000087800000|  0%| F|  |TAMS 0x0000000087700000| PB 0x0000000087700000| Untracked 
| 120|0x0000000087800000, 0x0000000087800000, 0x0000000087900000|  0%| F|  |TAMS 0x0000000087800000| PB 0x0000000087800000| Untracked 
| 121|0x0000000087900000, 0x0000000087900000, 0x0000000087a00000|  0%| F|  |TAMS 0x0000000087900000| PB 0x0000000087900000| Untracked 
| 122|0x0000000087a00000, 0x0000000087a00000, 0x0000000087b00000|  0%| F|  |TAMS 0x0000000087a00000| PB 0x0000000087a00000| Untracked 
| 123|0x0000000087b00000, 0x0000000087b00000, 0x0000000087c00000|  0%| F|  |TAMS 0x0000000087b00000| PB 0x0000000087b00000| Untracked 
| 124|0x0000000087c00000, 0x0000000087c00000, 0x0000000087d00000|  0%| F|  |TAMS 0x0000000087c00000| PB 0x0000000087c00000| Untracked 
| 125|0x0000000087d00000, 0x0000000087d00000, 0x0000000087e00000|  0%| F|  |TAMS 0x0000000087d00000| PB 0x0000000087d00000| Untracked 
| 126|0x0000000087e00000, 0x0000000087e00000, 0x0000000087f00000|  0%| F|  |TAMS 0x0000000087e00000| PB 0x0000000087e00000| Untracked 
| 127|0x0000000087f00000, 0x0000000087f00000, 0x0000000088000000|  0%| F|  |TAMS 0x0000000087f00000| PB 0x0000000087f00000| Untracked 
| 128|0x0000000088000000, 0x0000000088000000, 0x0000000088100000|  0%| F|  |TAMS 0x0000000088000000| PB 0x0000000088000000| Untracked 
| 129|0x0000000088100000, 0x0000000088100000, 0x0000000088200000|  0%| F|  |TAMS 0x0000000088100000| PB 0x0000000088100000| Untracked 
| 130|0x0000000088200000, 0x0000000088200000, 0x0000000088300000|  0%| F|  |TAMS 0x0000000088200000| PB 0x0000000088200000| Untracked 
| 131|0x0000000088300000, 0x0000000088300000, 0x0000000088400000|  0%| F|  |TAMS 0x0000000088300000| PB 0x0000000088300000| Untracked 
| 132|0x0000000088400000, 0x0000000088400000, 0x0000000088500000|  0%| F|  |TAMS 0x0000000088400000| PB 0x0000000088400000| Untracked 
| 133|0x0000000088500000, 0x0000000088500000, 0x0000000088600000|  0%| F|  |TAMS 0x0000000088500000| PB 0x0000000088500000| Untracked 
| 134|0x0000000088600000, 0x0000000088600000, 0x0000000088700000|  0%| F|  |TAMS 0x0000000088600000| PB 0x0000000088600000| Untracked 
| 135|0x0000000088700000, 0x0000000088700000, 0x0000000088800000|  0%| F|  |TAMS 0x0000000088700000| PB 0x0000000088700000| Untracked 
| 136|0x0000000088800000, 0x0000000088800000, 0x0000000088900000|  0%| F|  |TAMS 0x0000000088800000| PB 0x0000000088800000| Untracked 
| 137|0x0000000088900000, 0x0000000088900000, 0x0000000088a00000|  0%| F|  |TAMS 0x0000000088900000| PB 0x0000000088900000| Untracked 
| 138|0x0000000088a00000, 0x0000000088a00000, 0x0000000088b00000|  0%| F|  |TAMS 0x0000000088a00000| PB 0x0000000088a00000| Untracked 
| 139|0x0000000088b00000, 0x0000000088b00000, 0x0000000088c00000|  0%| F|  |TAMS 0x0000000088b00000| PB 0x0000000088b00000| Untracked 
| 140|0x0000000088c00000, 0x0000000088c00000, 0x0000000088d00000|  0%| F|  |TAMS 0x0000000088c00000| PB 0x0000000088c00000| Untracked 
| 141|0x0000000088d00000, 0x0000000088d00000, 0x0000000088e00000|  0%| F|  |TAMS 0x0000000088d00000| PB 0x0000000088d00000| Untracked 
| 142|0x0000000088e00000, 0x0000000088e00000, 0x0000000088f00000|  0%| F|  |TAMS 0x0000000088e00000| PB 0x0000000088e00000| Untracked 
| 143|0x0000000088f00000, 0x0000000088f00000, 0x0000000089000000|  0%| F|  |TAMS 0x0000000088f00000| PB 0x0000000088f00000| Untracked 
| 144|0x0000000089000000, 0x0000000089000000, 0x0000000089100000|  0%| F|  |TAMS 0x0000000089000000| PB 0x0000000089000000| Untracked 
| 145|0x0000000089100000, 0x0000000089100000, 0x0000000089200000|  0%| F|  |TAMS 0x0000000089100000| PB 0x0000000089100000| Untracked 
| 146|0x0000000089200000, 0x0000000089200000, 0x0000000089300000|  0%| F|  |TAMS 0x0000000089200000| PB 0x0000000089200000| Untracked 
| 147|0x0000000089300000, 0x0000000089300000, 0x0000000089400000|  0%| F|  |TAMS 0x0000000089300000| PB 0x0000000089300000| Untracked 
| 148|0x0000000089400000, 0x0000000089400000, 0x0000000089500000|  0%| F|  |TAMS 0x0000000089400000| PB 0x0000000089400000| Untracked 
| 149|0x0000000089500000, 0x0000000089500000, 0x0000000089600000|  0%| F|  |TAMS 0x0000000089500000| PB 0x0000000089500000| Untracked 
| 150|0x0000000089600000, 0x0000000089600000, 0x0000000089700000|  0%| F|  |TAMS 0x0000000089600000| PB 0x0000000089600000| Untracked 
| 151|0x0000000089700000, 0x0000000089700000, 0x0000000089800000|  0%| F|  |TAMS 0x0000000089700000| PB 0x0000000089700000| Untracked 
| 152|0x0000000089800000, 0x0000000089800000, 0x0000000089900000|  0%| F|  |TAMS 0x0000000089800000| PB 0x0000000089800000| Untracked 
| 153|0x0000000089900000, 0x0000000089900000, 0x0000000089a00000|  0%| F|  |TAMS 0x0000000089900000| PB 0x0000000089900000| Untracked 
| 154|0x0000000089a00000, 0x0000000089a00000, 0x0000000089b00000|  0%| F|  |TAMS 0x0000000089a00000| PB 0x0000000089a00000| Untracked 
| 155|0x0000000089b00000, 0x0000000089b00000, 0x0000000089c00000|  0%| F|  |TAMS 0x0000000089b00000| PB 0x0000000089b00000| Untracked 
| 156|0x0000000089c00000, 0x0000000089c00000, 0x0000000089d00000|  0%| F|  |TAMS 0x0000000089c00000| PB 0x0000000089c00000| Untracked 
| 157|0x0000000089d00000, 0x0000000089d00000, 0x0000000089e00000|  0%| F|  |TAMS 0x0000000089d00000| PB 0x0000000089d00000| Untracked 
| 158|0x0000000089e00000, 0x0000000089f00000, 0x0000000089f00000|100%| E|CS|TAMS 0x0000000089e00000| PB 0x0000000089e00000| Complete 
| 159|0x0000000089f00000, 0x0000000089f00000, 0x000000008a000000|  0%| F|  |TAMS 0x0000000089f00000| PB 0x0000000089f00000| Untracked 
| 160|0x000000008a000000, 0x000000008a000000, 0x000000008a100000|  0%| F|  |TAMS 0x000000008a000000| PB 0x000000008a000000| Untracked 
| 161|0x000000008a100000, 0x000000008a100000, 0x000000008a200000|  0%| F|  |TAMS 0x000000008a100000| PB 0x000000008a100000| Untracked 
| 162|0x000000008a200000, 0x000000008a200000, 0x000000008a300000|  0%| F|  |TAMS 0x000000008a200000| PB 0x000000008a200000| Untracked 
| 163|0x000000008a300000, 0x000000008a300000, 0x000000008a400000|  0%| F|  |TAMS 0x000000008a300000| PB 0x000000008a300000| Untracked 
| 164|0x000000008a400000, 0x000000008a400000, 0x000000008a500000|  0%| F|  |TAMS 0x000000008a400000| PB 0x000000008a400000| Untracked 
| 165|0x000000008a500000, 0x000000008a500000, 0x000000008a600000|  0%| F|  |TAMS 0x000000008a500000| PB 0x000000008a500000| Untracked 
| 166|0x000000008a600000, 0x000000008a61b888, 0x000000008a700000| 10%| E|  |TAMS 0x000000008a600000| PB 0x000000008a600000| Complete 
| 167|0x000000008a700000, 0x000000008a800000, 0x000000008a800000|100%| E|CS|TAMS 0x000000008a700000| PB 0x000000008a700000| Complete 
| 168|0x000000008a800000, 0x000000008a900000, 0x000000008a900000|100%| E|CS|TAMS 0x000000008a800000| PB 0x000000008a800000| Complete 
| 169|0x000000008a900000, 0x000000008aa00000, 0x000000008aa00000|100%| E|CS|TAMS 0x000000008a900000| PB 0x000000008a900000| Complete 
| 221|0x000000008dd00000, 0x000000008de00000, 0x000000008de00000|100%| E|CS|TAMS 0x000000008dd00000| PB 0x000000008dd00000| Complete 
|2039|0x00000000ff700000, 0x00000000ff800000, 0x00000000ff800000|100%| E|CS|TAMS 0x00000000ff700000| PB 0x00000000ff700000| Complete 
|2040|0x00000000ff800000, 0x00000000ff900000, 0x00000000ff900000|100%| E|CS|TAMS 0x00000000ff800000| PB 0x00000000ff800000| Complete 
|2041|0x00000000ff900000, 0x00000000ffa00000, 0x00000000ffa00000|100%| E|CS|TAMS 0x00000000ff900000| PB 0x00000000ff900000| Complete 
|2042|0x00000000ffa00000, 0x00000000ffb00000, 0x00000000ffb00000|100%| E|CS|TAMS 0x00000000ffa00000| PB 0x00000000ffa00000| Complete 
|2043|0x00000000ffb00000, 0x00000000ffc00000, 0x00000000ffc00000|100%| E|CS|TAMS 0x00000000ffb00000| PB 0x00000000ffb00000| Complete 
|2044|0x00000000ffc00000, 0x00000000ffd00000, 0x00000000ffd00000|100%| O|  |TAMS 0x00000000ffc00000| PB 0x00000000ffc00000| Untracked 
|2045|0x00000000ffd00000, 0x00000000ffe00000, 0x00000000ffe00000|100%| O|  |TAMS 0x00000000ffd00000| PB 0x00000000ffd00000| Untracked 
|2046|0x00000000ffe00000, 0x00000000fff00000, 0x00000000fff00000|100%| O|  |TAMS 0x00000000ffe00000| PB 0x00000000ffe00000| Untracked 
|2047|0x00000000fff00000, 0x0000000100000000, 0x0000000100000000|100%| O|  |TAMS 0x00000000fff00000| PB 0x00000000fff00000| Untracked 

Card table byte_map: [0x000001ece3870000,0x000001ece3c70000] _byte_map_base: 0x000001ece3470000

Marking Bits: (CMBitMap*) 0x000001ecd0a312f0
 Bits: [0x000001ece3c70000, 0x000001ece5c70000)

Polling page: 0x000001eccec20000

Metaspace:

Usage:
  Non-class:     96.67 MB used.
      Class:     14.49 MB used.
       Both:    111.16 MB used.

Virtual space:
  Non-class space:      128.00 MB reserved,      97.81 MB ( 76%) committed,  2 nodes.
      Class space:      416.00 MB reserved,      15.56 MB (  4%) committed,  1 nodes.
             Both:      544.00 MB reserved,     113.38 MB ( 21%) committed. 

Chunk freelists:
   Non-Class:  13.98 MB
       Class:  264.00 KB
        Both:  14.24 MB

MaxMetaspaceSize: 512.00 MB
CompressedClassSpaceSize: 416.00 MB
Initial GC threshold: 21.00 MB
Current GC threshold: 188.88 MB
CDS: on
 - commit_granule_bytes: 65536.
 - commit_granule_words: 8192.
 - virtual_space_node_default_size: 8388608.
 - enlarge_chunks_in_place: 1.
 - use_allocation_guard: 0.


Internal statistics:

num_allocs_failed_limit: 11.
num_arena_births: 3994.
num_arena_deaths: 0.
num_vsnodes_births: 3.
num_vsnodes_deaths: 0.
num_space_committed: 1812.
num_space_uncommitted: 0.
num_chunks_returned_to_freelist: 11.
num_chunks_taken_from_freelist: 8800.
num_chunk_merges: 11.
num_chunk_splits: 6184.
num_chunks_enlarged: 4308.
num_inconsistent_stats: 0.

CodeHeap 'non-profiled nmethods': size=119168Kb used=5801Kb max_used=5801Kb free=113367Kb
 bounds [0x000001ecdb770000, 0x000001ecdbd20000, 0x000001ece2bd0000]
CodeHeap 'profiled nmethods': size=119104Kb used=24052Kb max_used=24261Kb free=95052Kb
 bounds [0x000001ecd3bd0000, 0x000001ecd5390000, 0x000001ecdb020000]
CodeHeap 'non-nmethods': size=7488Kb used=3453Kb max_used=4648Kb free=4034Kb
 bounds [0x000001ecdb020000, 0x000001ecdb4c0000, 0x000001ecdb770000]
CodeCache: size=245760Kb, used=33306Kb, max_used=34710Kb, free=212453Kb
 total_blobs=11500, nmethods=10376, adapters=1024, full_count=0
Compilation: enabled, stopped_count=0, restarted_count=0

Compilation events (20 events):
Event: 20.610 Thread 0x000001ecee3d3080 nmethod 12145 0x000001ecd3ddc390 code [0x000001ecd3ddc560, 0x000001ecd3ddc968]
Event: 20.610 Thread 0x000001ece8db3ee0 nmethod 12144 0x000001ecd40c6210 code [0x000001ecd40c6400, 0x000001ecd40c6948]
Event: 20.611 Thread 0x000001ece8d645e0 12147       3       org.jetbrains.kotlin.ir.declarations.IrDeclarationOrigin$Companion::getJVM_MULTIFILE_CLASS (19 bytes)
Event: 20.611 Thread 0x000001ece8d645e0 nmethod 12147 0x000001ecd3d11790 code [0x000001ecd3d119c0, 0x000001ecd3d12050]
Event: 20.612 Thread 0x000001ece8d645e0 12148       3       org.jetbrains.kotlin.ir.expressions.IrMemberAccessExpression::getValueArgument (19 bytes)
Event: 20.612 Thread 0x000001ece8d645e0 nmethod 12148 0x000001ecd454a390 code [0x000001ecd454a560, 0x000001ecd454a880]
Event: 20.613 Thread 0x000001ece8d645e0 12149       3       org.jetbrains.kotlin.codegen.signature.BothSignatureWriter::signatureVisitor (28 bytes)
Event: 20.613 Thread 0x000001ece8db3ee0 12150       3       org.jetbrains.org.objectweb.asm.ByteVector::put12 (64 bytes)
Event: 20.613 Thread 0x000001ece8db3ee0 nmethod 12150 0x000001ecd45aea90 code [0x000001ecd45aec40, 0x000001ecd45aee70]
Event: 20.614 Thread 0x000001ece8d645e0 nmethod 12149 0x000001ecd3d10a90 code [0x000001ecd3d10ca0, 0x000001ecd3d114e8]
Event: 20.614 Thread 0x000001ece8d645e0 12152       1       org.jetbrains.kotlin.codegen.state.GenerationState::getClassBuilderMode (5 bytes)
Event: 20.614 Thread 0x000001ece8d645e0 nmethod 12152 0x000001ecdbd07110 code [0x000001ecdbd072a0, 0x000001ecdbd07368]
Event: 20.618 Thread 0x000001ece8d645e0 12153       3       org.jetbrains.org.objectweb.asm.Frame::merge (320 bytes)
Event: 20.619 Thread 0x000001ece8d645e0 nmethod 12153 0x000001ecd3d0fd90 code [0x000001ecd3d0ffc0, 0x000001ecd3d10880]
Event: 20.620 Thread 0x000001ece8d645e0 12154       3       org.gradle.internal.logging.events.ProgressCompleteEvent::getLogLevel (4 bytes)
Event: 20.620 Thread 0x000001ece8d645e0 nmethod 12154 0x000001ecd4739f10 code [0x000001ecd473a0a0, 0x000001ecd473a1b8]
Event: 20.623 Thread 0x000001ecefd07dd0 nmethod 12127 0x000001ecdbd07410 code [0x000001ecdbd076c0, 0x000001ecdbd08558]
Event: 20.623 Thread 0x000001ecefd07dd0 12151       4       org.jetbrains.kotlin.protobuf.GeneratedMessageLite$Builder::<init> (12 bytes)
Event: 20.624 Thread 0x000001ecefd07dd0 nmethod 12151 0x000001ecdbd08f90 code [0x000001ecdbd09120, 0x000001ecdbd09278]
Event: 20.624 Thread 0x000001ecefd07dd0 12128       4       org.jetbrains.kotlin.ir.util.IrUtilsKt::getFqNameWhenAvailable (39 bytes)

GC Heap History (20 events):
Event: 16.092 GC heap before
{Heap before GC invocations=30 (full 0):
 garbage-first heap   total 138240K, used 127310K [0x0000000080000000, 0x0000000100000000)
  region size 1024K, 50 young (51200K), 6 survivors (6144K)
 Metaspace       used 102690K, committed 104704K, reserved 557056K
  class space    used 13443K, committed 14400K, reserved 425984K
}
Event: 16.096 GC heap after
{Heap after GC invocations=31 (full 0):
 garbage-first heap   total 138240K, used 84275K [0x0000000080000000, 0x0000000100000000)
  region size 1024K, 5 young (5120K), 5 survivors (5120K)
 Metaspace       used 102690K, committed 104704K, reserved 557056K
  class space    used 13443K, committed 14400K, reserved 425984K
}
Event: 17.090 GC heap before
{Heap before GC invocations=32 (full 0):
 garbage-first heap   total 142336K, used 128307K [0x0000000080000000, 0x0000000100000000)
  region size 1024K, 48 young (49152K), 5 survivors (5120K)
 Metaspace       used 107703K, committed 109888K, reserved 557056K
  class space    used 14142K, committed 15168K, reserved 425984K
}
Event: 17.094 GC heap after
{Heap after GC invocations=33 (full 0):
 garbage-first heap   total 142336K, used 86339K [0x0000000080000000, 0x0000000100000000)
  region size 1024K, 4 young (4096K), 4 survivors (4096K)
 Metaspace       used 107703K, committed 109888K, reserved 557056K
  class space    used 14142K, committed 15168K, reserved 425984K
}
Event: 18.289 GC heap before
{Heap before GC invocations=33 (full 0):
 garbage-first heap   total 142336K, used 131395K [0x0000000080000000, 0x0000000100000000)
  region size 1024K, 49 young (50176K), 4 survivors (4096K)
 Metaspace       used 111400K, committed 113664K, reserved 557056K
  class space    used 14731K, committed 15872K, reserved 425984K
}
Event: 18.294 GC heap after
{Heap after GC invocations=34 (full 0):
 garbage-first heap   total 142336K, used 88502K [0x0000000080000000, 0x0000000100000000)
  region size 1024K, 5 young (5120K), 5 survivors (5120K)
 Metaspace       used 111400K, committed 113664K, reserved 557056K
  class space    used 14731K, committed 15872K, reserved 425984K
}
Event: 18.410 GC heap before
{Heap before GC invocations=34 (full 0):
 garbage-first heap   total 142336K, used 99766K [0x0000000080000000, 0x0000000100000000)
  region size 1024K, 17 young (17408K), 5 survivors (5120K)
 Metaspace       used 111489K, committed 113792K, reserved 557056K
  class space    used 14732K, committed 15872K, reserved 425984K
}
Event: 18.414 GC heap after
{Heap after GC invocations=35 (full 0):
 garbage-first heap   total 142336K, used 91314K [0x0000000080000000, 0x0000000100000000)
  region size 1024K, 6 young (6144K), 6 survivors (6144K)
 Metaspace       used 111489K, committed 113792K, reserved 557056K
  class space    used 14732K, committed 15872K, reserved 425984K
}
Event: 18.579 GC heap before
{Heap before GC invocations=36 (full 0):
 garbage-first heap   total 155648K, used 126130K [0x0000000080000000, 0x0000000100000000)
  region size 1024K, 39 young (39936K), 6 survivors (6144K)
 Metaspace       used 111673K, committed 113984K, reserved 557056K
  class space    used 14732K, committed 15872K, reserved 425984K
}
Event: 18.584 GC heap after
{Heap after GC invocations=37 (full 0):
 garbage-first heap   total 155648K, used 94683K [0x0000000080000000, 0x0000000100000000)
  region size 1024K, 4 young (4096K), 4 survivors (4096K)
 Metaspace       used 111673K, committed 113984K, reserved 557056K
  class space    used 14732K, committed 15872K, reserved 425984K
}
Event: 19.096 GC heap before
{Heap before GC invocations=37 (full 0):
 garbage-first heap   total 155648K, used 135643K [0x0000000080000000, 0x0000000100000000)
  region size 1024K, 44 young (45056K), 4 survivors (4096K)
 Metaspace       used 112750K, committed 115072K, reserved 557056K
  class space    used 14828K, committed 15936K, reserved 425984K
}
Event: 19.101 GC heap after
{Heap after GC invocations=38 (full 0):
 garbage-first heap   total 155648K, used 97361K [0x0000000080000000, 0x0000000100000000)
  region size 1024K, 6 young (6144K), 6 survivors (6144K)
 Metaspace       used 112750K, committed 115072K, reserved 557056K
  class space    used 14828K, committed 15936K, reserved 425984K
}
Event: 19.297 GC heap before
{Heap before GC invocations=38 (full 0):
 garbage-first heap   total 155648K, used 131153K [0x0000000080000000, 0x0000000100000000)
  region size 1024K, 40 young (40960K), 6 survivors (6144K)
 Metaspace       used 112832K, committed 115136K, reserved 557056K
  class space    used 14828K, committed 15936K, reserved 425984K
}
Event: 19.302 GC heap after
{Heap after GC invocations=39 (full 0):
 garbage-first heap   total 155648K, used 101669K [0x0000000080000000, 0x0000000100000000)
  region size 1024K, 4 young (4096K), 4 survivors (4096K)
 Metaspace       used 112832K, committed 115136K, reserved 557056K
  class space    used 14828K, committed 15936K, reserved 425984K
}
Event: 19.484 GC heap before
{Heap before GC invocations=40 (full 0):
 garbage-first heap   total 173056K, used 140581K [0x0000000080000000, 0x0000000100000000)
  region size 1024K, 41 young (41984K), 4 survivors (4096K)
 Metaspace       used 112970K, committed 115264K, reserved 557056K
  class space    used 14829K, committed 15936K, reserved 425984K
}
Event: 19.488 GC heap after
{Heap after GC invocations=41 (full 0):
 garbage-first heap   total 173056K, used 105087K [0x0000000080000000, 0x0000000100000000)
  region size 1024K, 4 young (4096K), 4 survivors (4096K)
 Metaspace       used 112970K, committed 115264K, reserved 557056K
  class space    used 14829K, committed 15936K, reserved 425984K
}
Event: 20.255 GC heap before
{Heap before GC invocations=41 (full 0):
 garbage-first heap   total 173056K, used 154239K [0x0000000080000000, 0x0000000100000000)
  region size 1024K, 51 young (52224K), 4 survivors (4096K)
 Metaspace       used 113526K, committed 115776K, reserved 557056K
  class space    used 14834K, committed 15936K, reserved 425984K
}
Event: 20.262 GC heap after
{Heap after GC invocations=42 (full 0):
 garbage-first heap   total 173056K, used 105528K [0x0000000080000000, 0x0000000100000000)
  region size 1024K, 7 young (7168K), 7 survivors (7168K)
 Metaspace       used 113526K, committed 115776K, reserved 557056K
  class space    used 14834K, committed 15936K, reserved 425984K
}
Event: 20.475 GC heap before
{Heap before GC invocations=42 (full 0):
 garbage-first heap   total 173056K, used 153656K [0x0000000080000000, 0x0000000100000000)
  region size 1024K, 54 young (55296K), 7 survivors (7168K)
 Metaspace       used 113764K, committed 116032K, reserved 557056K
  class space    used 14834K, committed 15936K, reserved 425984K
}
Event: 20.480 GC heap after
{Heap after GC invocations=43 (full 0):
 garbage-first heap   total 173056K, used 111018K [0x0000000080000000, 0x0000000100000000)
  region size 1024K, 5 young (5120K), 5 survivors (5120K)
 Metaspace       used 113764K, committed 116032K, reserved 557056K
  class space    used 14834K, committed 15936K, reserved 425984K
}

Dll operation events (14 events):
Event: 0.019 Loaded shared library C:\Users\PAVAN\.vscode\extensions\redhat.java-1.53.0-win32-x64\jre\21.0.10-win32-x86_64\bin\java.dll
Event: 0.085 Loaded shared library C:\Users\PAVAN\.vscode\extensions\redhat.java-1.53.0-win32-x64\jre\21.0.10-win32-x86_64\bin\zip.dll
Event: 0.108 Loaded shared library C:\Users\PAVAN\.vscode\extensions\redhat.java-1.53.0-win32-x64\jre\21.0.10-win32-x86_64\bin\instrument.dll
Event: 0.113 Loaded shared library C:\Users\PAVAN\.vscode\extensions\redhat.java-1.53.0-win32-x64\jre\21.0.10-win32-x86_64\bin\net.dll
Event: 0.115 Loaded shared library C:\Users\PAVAN\.vscode\extensions\redhat.java-1.53.0-win32-x64\jre\21.0.10-win32-x86_64\bin\nio.dll
Event: 0.119 Loaded shared library C:\Users\PAVAN\.vscode\extensions\redhat.java-1.53.0-win32-x64\jre\21.0.10-win32-x86_64\bin\zip.dll
Event: 0.496 Loaded shared library C:\Users\PAVAN\.vscode\extensions\redhat.java-1.53.0-win32-x64\jre\21.0.10-win32-x86_64\bin\jimage.dll
Event: 0.635 Loaded shared library C:\Users\PAVAN\.vscode\extensions\redhat.java-1.53.0-win32-x64\jre\21.0.10-win32-x86_64\bin\verify.dll
Event: 0.718 Loaded shared library C:\Users\PAVAN\.gradle\native\1def1411415f61bf3af743bc5b6707747c0891f09f0c88961ee8f79bc544acac\windows-amd64\native-platform.dll
Event: 0.810 Loaded shared library C:\Users\PAVAN\.gradle\native\0.2.7\x86_64-windows-gnu\gradle-fileevents.dll
Event: 1.832 Loaded shared library C:\Users\PAVAN\.vscode\extensions\redhat.java-1.53.0-win32-x64\jre\21.0.10-win32-x86_64\bin\management.dll
Event: 1.835 Loaded shared library C:\Users\PAVAN\.vscode\extensions\redhat.java-1.53.0-win32-x64\jre\21.0.10-win32-x86_64\bin\management_ext.dll
Event: 1.954 Loaded shared library C:\Users\PAVAN\.vscode\extensions\redhat.java-1.53.0-win32-x64\jre\21.0.10-win32-x86_64\bin\extnet.dll
Event: 2.164 Loaded shared library C:\Users\PAVAN\.vscode\extensions\redhat.java-1.53.0-win32-x64\jre\21.0.10-win32-x86_64\bin\sunmscapi.dll

Deoptimization events (20 events):
Event: 19.846 Thread 0x000001ecef3e4360 DEOPT PACKING pc=0x000001ecdb98622c sp=0x000000eb0fbf2e80
Event: 19.846 Thread 0x000001ecef3e4360 DEOPT UNPACKING pc=0x000001ecdb074422 sp=0x000000eb0fbf2df8 mode 2
Event: 20.156 Thread 0x000001ecef3e4360 DEOPT PACKING pc=0x000001ecd40e1e8d sp=0x000000eb0fbf2bf0
Event: 20.156 Thread 0x000001ecef3e4360 DEOPT UNPACKING pc=0x000001ecdb074bc2 sp=0x000000eb0fbf21d8 mode 0
Event: 20.197 Thread 0x000001ecef3e4360 Uncommon trap: trap_request=0xffffffde fr.pc=0x000001ecdb9c739c relative=0x000000000000249c
Event: 20.197 Thread 0x000001ecef3e4360 Uncommon trap: reason=class_check action=maybe_recompile pc=0x000001ecdb9c739c method=org.jetbrains.org.objectweb.asm.ClassReader.readElementValue(Lorg/jetbrains/org/objectweb/asm/AnnotationVisitor;ILjava/lang/String;[C)I @ 536 c2
Event: 20.197 Thread 0x000001ecef3e4360 DEOPT PACKING pc=0x000001ecdb9c739c sp=0x000000eb0fbf2dd0
Event: 20.197 Thread 0x000001ecef3e4360 DEOPT UNPACKING pc=0x000001ecdb074422 sp=0x000000eb0fbf2d60 mode 2
Event: 20.356 Thread 0x000001ecef3e4360 Uncommon trap: trap_request=0xffffffde fr.pc=0x000001ecdba672dc relative=0x00000000000001bc
Event: 20.356 Thread 0x000001ecef3e4360 Uncommon trap: reason=class_check action=maybe_recompile pc=0x000001ecdba672dc method=org.jetbrains.kotlin.name.FqNameUnsafe.equals(Ljava/lang/Object;)Z @ 8 c2
Event: 20.356 Thread 0x000001ecef3e4360 DEOPT PACKING pc=0x000001ecdba672dc sp=0x000000eb0fbf1a30
Event: 20.356 Thread 0x000001ecef3e4360 DEOPT UNPACKING pc=0x000001ecdb074422 sp=0x000000eb0fbf19b8 mode 2
Event: 20.356 Thread 0x000001ecef3e4360 Uncommon trap: trap_request=0xffffffde fr.pc=0x000001ecdba672dc relative=0x00000000000001bc
Event: 20.356 Thread 0x000001ecef3e4360 Uncommon trap: reason=class_check action=maybe_recompile pc=0x000001ecdba672dc method=org.jetbrains.kotlin.name.FqNameUnsafe.equals(Ljava/lang/Object;)Z @ 8 c2
Event: 20.356 Thread 0x000001ecef3e4360 DEOPT PACKING pc=0x000001ecdba672dc sp=0x000000eb0fbf1710
Event: 20.356 Thread 0x000001ecef3e4360 DEOPT UNPACKING pc=0x000001ecdb074422 sp=0x000000eb0fbf1698 mode 2
Event: 20.615 Thread 0x000001ecef3e4360 Uncommon trap: trap_request=0xffffffc6 fr.pc=0x000001ecdb98622c relative=0x000000000000062c
Event: 20.615 Thread 0x000001ecef3e4360 Uncommon trap: reason=bimorphic_or_optimized_type_check action=maybe_recompile pc=0x000001ecdb98622c method=org.jetbrains.kotlin.protobuf.CodedOutputStream.refreshBuffer()V @ 28 c2
Event: 20.615 Thread 0x000001ecef3e4360 DEOPT PACKING pc=0x000001ecdb98622c sp=0x000000eb0fbf3740
Event: 20.615 Thread 0x000001ecef3e4360 DEOPT UNPACKING pc=0x000001ecdb074422 sp=0x000000eb0fbf36b8 mode 2

Classes loaded (20 events):
Event: 17.507 Loading class java/util/stream/DistinctOps
Event: 17.507 Loading class java/util/stream/DistinctOps done
Event: 17.507 Loading class java/util/stream/DistinctOps$1
Event: 17.507 Loading class java/util/stream/ReferencePipeline$StatefulOp
Event: 17.507 Loading class java/util/stream/ReferencePipeline$StatefulOp done
Event: 17.507 Loading class java/util/stream/DistinctOps$1 done
Event: 17.509 Loading class java/util/stream/DistinctOps$1$2
Event: 17.509 Loading class java/util/stream/DistinctOps$1$2 done
Event: 17.767 Loading class java/util/stream/SortedOps
Event: 17.768 Loading class java/util/stream/SortedOps done
Event: 17.768 Loading class java/util/stream/SortedOps$OfRef
Event: 17.768 Loading class java/util/stream/SortedOps$OfRef done
Event: 17.769 Loading class java/util/stream/SortedOps$SizedRefSortingSink
Event: 17.769 Loading class java/util/stream/SortedOps$AbstractRefSortingSink
Event: 17.769 Loading class java/util/stream/SortedOps$AbstractRefSortingSink done
Event: 17.769 Loading class java/util/stream/SortedOps$SizedRefSortingSink done
Event: 19.000 Loading class java/lang/ThreadDeath
Event: 19.000 Loading class java/lang/ThreadDeath done
Event: 19.001 Loading class sun/misc/SharedSecrets
Event: 19.001 Loading class sun/misc/SharedSecrets done

Classes unloaded (0 events):
No events

Classes redefined (0 events):
No events

Internal exceptions (20 events):
Event: 18.926 Thread 0x000001ecef3e4360 Exception <a 'sun/nio/fs/WindowsException'{0x00000000873f04e0}> (0x00000000873f04e0) 
thrown [s\src\hotspot\share\prims\jni.cpp, line 520]
Event: 18.943 Thread 0x000001ecef3e4360 Exception <a 'sun/nio/fs/WindowsException'{0x00000000873f9dd0}> (0x00000000873f9dd0) 
thrown [s\src\hotspot\share\prims\jni.cpp, line 520]
Event: 19.001 Thread 0x000001ecef3e4360 Exception <a 'java/lang/ClassNotFoundException'{0x0000000087235c48}: sun/misc/SharedSecrets> (0x0000000087235c48) 
thrown [s\src\hotspot\share\classfile\systemDictionary.cpp, line 312]
Event: 19.076 Thread 0x000001ecef3e4360 Exception <a 'sun/nio/fs/WindowsException'{0x00000000870aafa8}> (0x00000000870aafa8) 
thrown [s\src\hotspot\share\prims\jni.cpp, line 520]
Event: 19.077 Thread 0x000001ecef3e4360 Exception <a 'sun/nio/fs/WindowsException'{0x00000000870acc98}> (0x00000000870acc98) 
thrown [s\src\hotspot\share\prims\jni.cpp, line 520]
Event: 19.077 Thread 0x000001ecef3e4360 Exception <a 'sun/nio/fs/WindowsException'{0x00000000870ae978}> (0x00000000870ae978) 
thrown [s\src\hotspot\share\prims\jni.cpp, line 520]
Event: 19.078 Thread 0x000001ecef3e4360 Exception <a 'sun/nio/fs/WindowsException'{0x00000000870b0638}> (0x00000000870b0638) 
thrown [s\src\hotspot\share\prims\jni.cpp, line 520]
Event: 19.136 Thread 0x000001ecef3e4360 Exception <a 'sun/nio/fs/WindowsException'{0x0000000088770760}> (0x0000000088770760) 
thrown [s\src\hotspot\share\prims\jni.cpp, line 520]
Event: 19.136 Thread 0x000001ecef3e4360 Exception <a 'sun/nio/fs/WindowsException'{0x0000000088772bb8}> (0x0000000088772bb8) 
thrown [s\src\hotspot\share\prims\jni.cpp, line 520]
Event: 19.858 Thread 0x000001ecef3e4360 Exception <a 'sun/nio/fs/WindowsException'{0x0000000088905168}> (0x0000000088905168) 
thrown [s\src\hotspot\share\prims\jni.cpp, line 520]
Event: 19.859 Thread 0x000001ecef3e4360 Exception <a 'sun/nio/fs/WindowsException'{0x0000000088907090}> (0x0000000088907090) 
thrown [s\src\hotspot\share\prims\jni.cpp, line 520]
Event: 19.887 Thread 0x000001ecef3e4360 Exception <a 'sun/nio/fs/WindowsException'{0x0000000088915658}> (0x0000000088915658) 
thrown [s\src\hotspot\share\prims\jni.cpp, line 520]
Event: 19.905 Thread 0x000001ecef3e4360 Exception <a 'sun/nio/fs/WindowsException'{0x000000008891dd90}> (0x000000008891dd90) 
thrown [s\src\hotspot\share\prims\jni.cpp, line 520]
Event: 19.921 Thread 0x000001ecef3e4360 Exception <a 'sun/nio/fs/WindowsException'{0x00000000889263b8}> (0x00000000889263b8) 
thrown [s\src\hotspot\share\prims\jni.cpp, line 520]
Event: 19.939 Thread 0x000001ecef3e4360 Exception <a 'sun/nio/fs/WindowsException'{0x000000008892fc08}> (0x000000008892fc08) 
thrown [s\src\hotspot\share\prims\jni.cpp, line 520]
Event: 20.103 Thread 0x000001ecef3e4360 Exception <a 'sun/nio/fs/WindowsException'{0x0000000088873460}> (0x0000000088873460) 
thrown [s\src\hotspot\share\prims\jni.cpp, line 520]
Event: 20.103 Thread 0x000001ecef3e4360 Exception <a 'sun/nio/fs/WindowsException'{0x0000000088875608}> (0x0000000088875608) 
thrown [s\src\hotspot\share\prims\jni.cpp, line 520]
Event: 20.623 Thread 0x000001ecef3e4360 Exception <a 'sun/nio/fs/WindowsException'{0x000000008a7a3dd8}> (0x000000008a7a3dd8) 
thrown [s\src\hotspot\share\prims\jni.cpp, line 520]
Event: 20.624 Thread 0x000001ecef3e4360 Exception <a 'sun/nio/fs/WindowsException'{0x000000008a7a5d00}> (0x000000008a7a5d00) 
thrown [s\src\hotspot\share\prims\jni.cpp, line 520]
Event: 20.631 Thread 0x000001ecef3e4360 Exception <a 'sun/nio/fs/WindowsException'{0x000000008a7ad7e0}> (0x000000008a7ad7e0) 
thrown [s\src\hotspot\share\prims\jni.cpp, line 520]

ZGC Phase Switch (0 events):
No events

VM Operations (20 events):
Event: 19.391 Executing safepoint VM operation: G1PauseCleanup
Event: 19.391 Executing safepoint VM operation: G1PauseCleanup done
Event: 19.484 Executing safepoint VM operation: G1CollectForAllocation (G1 Evacuation Pause)
Event: 19.488 Executing safepoint VM operation: G1CollectForAllocation (G1 Evacuation Pause) done
Event: 19.694 Executing safepoint VM operation: ICBufferFull
Event: 19.694 Executing safepoint VM operation: ICBufferFull done
Event: 19.785 Executing safepoint VM operation: ICBufferFull
Event: 19.786 Executing safepoint VM operation: ICBufferFull done
Event: 20.078 Executing safepoint VM operation: ICBufferFull
Event: 20.078 Executing safepoint VM operation: ICBufferFull done
Event: 20.255 Executing safepoint VM operation: G1CollectForAllocation (G1 Evacuation Pause)
Event: 20.262 Executing safepoint VM operation: G1CollectForAllocation (G1 Evacuation Pause) done
Event: 20.475 Executing safepoint VM operation: G1CollectForAllocation (G1 Evacuation Pause)
Event: 20.480 Executing safepoint VM operation: G1CollectForAllocation (G1 Evacuation Pause) done
Event: 20.541 Executing safepoint VM operation: G1PauseRemark
Event: 20.546 Executing safepoint VM operation: G1PauseRemark done
Event: 20.569 Executing safepoint VM operation: G1PauseCleanup
Event: 20.569 Executing safepoint VM operation: G1PauseCleanup done
Event: 21.581 Executing safepoint VM operation: Cleanup
Event: 21.582 Executing safepoint VM operation: Cleanup done

Memory protections (0 events):
No events

Nmethod flushes (20 events):
Event: 20.545 Thread 0x000001ece8c570e0 flushing  nmethod 0x000001ecd44ad590
Event: 20.545 Thread 0x000001ece8c570e0 flushing  nmethod 0x000001ecd47ff810
Event: 20.545 Thread 0x000001ece8c570e0 flushing  nmethod 0x000001ecd4805410
Event: 20.545 Thread 0x000001ece8c570e0 flushing  nmethod 0x000001ecd4805790
Event: 20.545 Thread 0x000001ece8c570e0 flushing  nmethod 0x000001ecd3c81f10
Event: 20.545 Thread 0x000001ece8c570e0 flushing  nmethod 0x000001ecd3d82390
Event: 20.545 Thread 0x000001ece8c570e0 flushing  nmethod 0x000001ecd3e3e690
Event: 20.545 Thread 0x000001ece8c570e0 flushing  nmethod 0x000001ecd45ac910
Event: 20.545 Thread 0x000001ece8c570e0 flushing  nmethod 0x000001ecd45ada90
Event: 20.545 Thread 0x000001ece8c570e0 flushing  nmethod 0x000001ecd45ade10
Event: 20.545 Thread 0x000001ece8c570e0 flushing  nmethod 0x000001ecd45aea90
Event: 20.545 Thread 0x000001ece8c570e0 flushing  nmethod 0x000001ecd46e5490
Event: 20.545 Thread 0x000001ece8c570e0 flushing  nmethod 0x000001ecd46e5990
Event: 20.545 Thread 0x000001ece8c570e0 flushing  nmethod 0x000001ecd46e6210
Event: 20.545 Thread 0x000001ece8c570e0 flushing  nmethod 0x000001ecd46ea710
Event: 20.545 Thread 0x000001ece8c570e0 flushing  nmethod 0x000001ecd46ed090
Event: 20.545 Thread 0x000001ece8c570e0 flushing  nmethod 0x000001ecd46f1890
Event: 20.545 Thread 0x000001ece8c570e0 flushing  nmethod 0x000001ecd4acad90
Event: 20.545 Thread 0x000001ece8c570e0 flushing  nmethod 0x000001ecd4b00910
Event: 20.545 Thread 0x000001ece8c570e0 flushing  nmethod 0x000001ecd4d87110

Events (20 events):
Event: 14.349 Thread 0x000001ecee3d00d0 Thread exited: 0x000001ecee3d00d0
Event: 14.447 Thread 0x000001ecee3d3080 Thread added: 0x000001ecefd04750
Event: 14.465 Thread 0x000001ecee3d3080 Thread added: 0x000001ecefd06960
Event: 14.834 Thread 0x000001ecefd06960 Thread exited: 0x000001ecefd06960
Event: 14.834 Thread 0x000001ecefd04750 Thread exited: 0x000001ecefd04750
Event: 15.362 Thread 0x000001ece8c99a90 Thread added: 0x000001ecefd06960
Event: 15.782 Thread 0x000001ecee3d3080 Thread added: 0x000001ecefd07dd0
Event: 16.056 Thread 0x000001ecefd07dd0 Thread exited: 0x000001ecefd07dd0
Event: 16.141 Thread 0x000001ecefd06960 Thread exited: 0x000001ecefd06960
Event: 16.592 Thread 0x000001ece8c99a90 Thread added: 0x000001ecefd07dd0
Event: 17.497 Thread 0x000001ecef3e4360 Thread added: 0x000001ecf6043cc0
Event: 17.498 Thread 0x000001ecef3e4360 Thread added: 0x000001ecf6042910
Event: 17.562 Thread 0x000001ecef3e4360 Thread added: 0x000001ecf6044350
Event: 17.565 Thread 0x000001ecef3e4360 Thread added: 0x000001ecf60449e0
Event: 17.629 Thread 0x000001ecef3e4360 Thread added: 0x000001ecf6045070
Event: 17.631 Thread 0x000001ecef3e4360 Thread added: 0x000001ecf6042280
Event: 17.876 Thread 0x000001ecefd07dd0 Thread exited: 0x000001ecefd07dd0
Event: 18.256 Thread 0x000001ece8db3ee0 Thread added: 0x000001ecefd07dd0
Event: 18.294 Thread 0x000001ece8db3ee0 Thread added: 0x000001ecefd04e20
Event: 19.049 Thread 0x000001ecef3e4360 Thread added: 0x000001ecf1d90a50


Dynamic libraries:
0x00007ff65c970000 - 0x00007ff65c97e000 	C:\Users\PAVAN\.vscode\extensions\redhat.java-1.53.0-win32-x64\jre\21.0.10-win32-x86_64\bin\java.exe
0x00007fff23b40000 - 0x00007fff23da7000 	C:\WINDOWS\SYSTEM32\ntdll.dll
0x00007fff21fa0000 - 0x00007fff22069000 	C:\WINDOWS\System32\KERNEL32.DLL
0x00007fff211f0000 - 0x00007fff215e1000 	C:\WINDOWS\System32\KERNELBASE.dll
0x00007fff215f0000 - 0x00007fff2173b000 	C:\WINDOWS\System32\ucrtbase.dll
0x00007ffef9230000 - 0x00007ffef9248000 	C:\Users\PAVAN\.vscode\extensions\redhat.java-1.53.0-win32-x64\jre\21.0.10-win32-x86_64\bin\jli.dll
0x00007ffefbb50000 - 0x00007ffefbb6e000 	C:\Users\PAVAN\.vscode\extensions\redhat.java-1.53.0-win32-x64\jre\21.0.10-win32-x86_64\bin\VCRUNTIME140.dll
0x00007fff22070000 - 0x00007fff22235000 	C:\WINDOWS\System32\USER32.dll
0x00007fff218b0000 - 0x00007fff218d7000 	C:\WINDOWS\System32\win32u.dll
0x00007fff0bea0000 - 0x00007fff0c133000 	C:\WINDOWS\WinSxS\amd64_microsoft.windows.common-controls_6595b64144ccf1df_6.0.26100.8037_none_3e092faae333b53b\COMCTL32.dll
0x00007fff22d40000 - 0x00007fff22d6b000 	C:\WINDOWS\System32\GDI32.dll
0x00007fff21c90000 - 0x00007fff21d39000 	C:\WINDOWS\System32\msvcrt.dll
0x00007fff210c0000 - 0x00007fff211eb000 	C:\WINDOWS\System32\gdi32full.dll
0x00007fff20c90000 - 0x00007fff20d33000 	C:\WINDOWS\System32\msvcp_win.dll
0x00007fff22cd0000 - 0x00007fff22d01000 	C:\WINDOWS\System32\IMM32.DLL
0x00007fff1b620000 - 0x00007fff1b62c000 	C:\Users\PAVAN\.vscode\extensions\redhat.java-1.53.0-win32-x64\jre\21.0.10-win32-x86_64\bin\vcruntime140_1.dll
0x00007ffeaa470000 - 0x00007ffeaa4fd000 	C:\Users\PAVAN\.vscode\extensions\redhat.java-1.53.0-win32-x64\jre\21.0.10-win32-x86_64\bin\msvcp140.dll
0x00007ffe27dc0000 - 0x00007ffe28b61000 	C:\Users\PAVAN\.vscode\extensions\redhat.java-1.53.0-win32-x64\jre\21.0.10-win32-x86_64\bin\server\jvm.dll
0x00007fff23940000 - 0x00007fff239fb000 	C:\WINDOWS\System32\ADVAPI32.dll
0x00007fff218e0000 - 0x00007fff21987000 	C:\WINDOWS\System32\sechost.dll
0x00007fff219b0000 - 0x00007fff21ac8000 	C:\WINDOWS\System32\RPCRT4.dll
0x00007fff226d0000 - 0x00007fff22744000 	C:\WINDOWS\System32\WS2_32.dll
0x00007fff18830000 - 0x00007fff18865000 	C:\WINDOWS\SYSTEM32\WINMM.dll
0x00007fff20280000 - 0x00007fff202de000 	C:\WINDOWS\SYSTEM32\POWRPROF.dll
0x00007fff18870000 - 0x00007fff1887b000 	C:\WINDOWS\SYSTEM32\VERSION.dll
0x00007fff20260000 - 0x00007fff20274000 	C:\WINDOWS\SYSTEM32\UMPDC.dll
0x00007fff1f1b0000 - 0x00007fff1f1cb000 	C:\WINDOWS\SYSTEM32\kernel.appcore.dll
0x00007ffeec130000 - 0x00007ffeec13a000 	C:\Users\PAVAN\.vscode\extensions\redhat.java-1.53.0-win32-x64\jre\21.0.10-win32-x86_64\bin\jimage.dll
0x00007fff1e3f0000 - 0x00007fff1e632000 	C:\WINDOWS\SYSTEM32\DBGHELP.DLL
0x00007fff22750000 - 0x00007fff22ad2000 	C:\WINDOWS\System32\combase.dll
0x00007fff22d70000 - 0x00007fff22e47000 	C:\WINDOWS\System32\OLEAUT32.dll
0x00007fff04bc0000 - 0x00007fff04bfb000 	C:\WINDOWS\SYSTEM32\dbgcore.DLL
0x00007fff21740000 - 0x00007fff217e5000 	C:\WINDOWS\System32\bcryptPrimitives.dll
0x00007ffeec120000 - 0x00007ffeec12f000 	C:\Users\PAVAN\.vscode\extensions\redhat.java-1.53.0-win32-x64\jre\21.0.10-win32-x86_64\bin\instrument.dll
0x00007ffeec100000 - 0x00007ffeec120000 	C:\Users\PAVAN\.vscode\extensions\redhat.java-1.53.0-win32-x64\jre\21.0.10-win32-x86_64\bin\java.dll
0x00007fff22e60000 - 0x00007fff235bf000 	C:\WINDOWS\System32\SHELL32.dll
0x00007fff20f50000 - 0x00007fff210ba000 	C:\WINDOWS\System32\wintypes.dll
0x00007fff20420000 - 0x00007fff20c84000 	C:\WINDOWS\System32\windows.storage.dll
0x00007fff21ea0000 - 0x00007fff21f97000 	C:\WINDOWS\System32\SHCORE.dll
0x00007fff238d0000 - 0x00007fff23937000 	C:\WINDOWS\System32\shlwapi.dll
0x00007fff20340000 - 0x00007fff20369000 	C:\WINDOWS\SYSTEM32\profapi.dll
0x00007ffed28e0000 - 0x00007ffed28f8000 	C:\Users\PAVAN\.vscode\extensions\redhat.java-1.53.0-win32-x64\jre\21.0.10-win32-x86_64\bin\zip.dll
0x00007ffed8cd0000 - 0x00007ffed8ce0000 	C:\Users\PAVAN\.vscode\extensions\redhat.java-1.53.0-win32-x64\jre\21.0.10-win32-x86_64\bin\net.dll
0x00007fff19230000 - 0x00007fff19357000 	C:\WINDOWS\SYSTEM32\WINHTTP.dll
0x00007fff1f720000 - 0x00007fff1f78b000 	C:\WINDOWS\system32\mswsock.dll
0x00007ffed2480000 - 0x00007ffed2496000 	C:\Users\PAVAN\.vscode\extensions\redhat.java-1.53.0-win32-x64\jre\21.0.10-win32-x86_64\bin\nio.dll
0x00007ffed6630000 - 0x00007ffed6640000 	C:\Users\PAVAN\.vscode\extensions\redhat.java-1.53.0-win32-x64\jre\21.0.10-win32-x86_64\bin\verify.dll
0x00007ffeccf40000 - 0x00007ffeccf67000 	C:\Users\PAVAN\.gradle\native\1def1411415f61bf3af743bc5b6707747c0891f09f0c88961ee8f79bc544acac\windows-amd64\native-platform.dll
0x00007ffec20f0000 - 0x00007ffec2168000 	C:\Users\PAVAN\.gradle\native\0.2.7\x86_64-windows-gnu\gradle-fileevents.dll
0x00007fff11bd0000 - 0x00007fff11bda000 	C:\Users\PAVAN\.vscode\extensions\redhat.java-1.53.0-win32-x64\jre\21.0.10-win32-x86_64\bin\management.dll
0x00007fff11a20000 - 0x00007fff11a2c000 	C:\Users\PAVAN\.vscode\extensions\redhat.java-1.53.0-win32-x64\jre\21.0.10-win32-x86_64\bin\management_ext.dll
0x00007fff235d0000 - 0x00007fff235d8000 	C:\WINDOWS\System32\PSAPI.DLL
0x00007fff1ed10000 - 0x00007fff1ed43000 	C:\WINDOWS\SYSTEM32\IPHLPAPI.DLL
0x00007fff22ae0000 - 0x00007fff22aea000 	C:\WINDOWS\System32\NSI.dll
0x00007fff11a00000 - 0x00007fff11a09000 	C:\Users\PAVAN\.vscode\extensions\redhat.java-1.53.0-win32-x64\jre\21.0.10-win32-x86_64\bin\extnet.dll
0x00007fff1fa00000 - 0x00007fff1fa1b000 	C:\WINDOWS\SYSTEM32\CRYPTSP.dll
0x00007fff1f110000 - 0x00007fff1f149000 	C:\WINDOWS\system32\rsaenh.dll
0x00007fff1f7d0000 - 0x00007fff1f802000 	C:\WINDOWS\SYSTEM32\USERENV.dll
0x00007fff20310000 - 0x00007fff2033a000 	C:\WINDOWS\SYSTEM32\bcrypt.dll
0x00007fff1fa20000 - 0x00007fff1fa2c000 	C:\WINDOWS\SYSTEM32\CRYPTBASE.dll
0x00007fff11a10000 - 0x00007fff11a1e000 	C:\Users\PAVAN\.vscode\extensions\redhat.java-1.53.0-win32-x64\jre\21.0.10-win32-x86_64\bin\sunmscapi.dll
0x00007fff20dd0000 - 0x00007fff20f47000 	C:\WINDOWS\System32\CRYPT32.dll
0x00007fff1fc20000 - 0x00007fff1fc50000 	C:\WINDOWS\SYSTEM32\ncrypt.dll
0x00007fff1fbd0000 - 0x00007fff1fc0f000 	C:\WINDOWS\SYSTEM32\NTASN1.dll
0x00007fff15660000 - 0x00007fff15668000 	C:\WINDOWS\system32\wshunix.dll

JVMTI agents:
C:\Users\PAVAN\.gradle\wrapper\dists\gradle-8.14.3-bin\cv11ve7ro1n3o1j4so8xd9n66\gradle-8.14.3\lib\agents\gradle-instrumentation-agent-8.14.3.jar path:C:\Users\PAVAN\.vscode\extensions\redhat.java-1.53.0-win32-x64\jre\21.0.10-win32-x86_64\bin\instrument.dll, loaded, initialized, instrumentlib options:none

dbghelp: loaded successfully - version: 4.0.5 - missing functions: none
symbol engine: initialized successfully - sym options: 0x614 - pdb path: .;C:\Users\PAVAN\.vscode\extensions\redhat.java-1.53.0-win32-x64\jre\21.0.10-win32-x86_64\bin;C:\WINDOWS\SYSTEM32;C:\WINDOWS\WinSxS\amd64_microsoft.windows.common-controls_6595b64144ccf1df_6.0.26100.8037_none_3e092faae333b53b;C:\Users\PAVAN\.vscode\extensions\redhat.java-1.53.0-win32-x64\jre\21.0.10-win32-x86_64\bin\server;C:\Users\PAVAN\.gradle\native\1def1411415f61bf3af743bc5b6707747c0891f09f0c88961ee8f79bc544acac\windows-amd64;C:\Users\PAVAN\.gradle\native\0.2.7\x86_64-windows-gnu

VM Arguments:
jvm_args: --add-opens=java.base/java.lang=ALL-UNNAMED --add-opens=java.base/java.lang.invoke=ALL-UNNAMED --add-opens=java.base/java.util=ALL-UNNAMED --add-opens=java.prefs/java.util.prefs=ALL-UNNAMED --add-exports=jdk.compiler/com.sun.tools.javac.api=ALL-UNNAMED --add-exports=jdk.compiler/com.sun.tools.javac.util=ALL-UNNAMED --add-opens=java.base/java.util=ALL-UNNAMED --add-opens=java.prefs/java.util.prefs=ALL-UNNAMED --add-opens=java.base/java.nio.charset=ALL-UNNAMED --add-opens=java.base/java.net=ALL-UNNAMED --add-opens=java.base/java.util.concurrent.atomic=ALL-UNNAMED --add-opens=java.xml/javax.xml.namespace=ALL-UNNAMED -XX:MaxMetaspaceSize=512m -Xmx2048m -Dfile.encoding=UTF-8 -Duser.country=IN -Duser.language=en -Duser.variant -javaagent:C:\Users\PAVAN\.gradle\wrapper\dists\gradle-8.14.3-bin\cv11ve7ro1n3o1j4so8xd9n66\gradle-8.14.3\lib\agents\gradle-instrumentation-agent-8.14.3.jar 
java_command: org.gradle.launcher.daemon.bootstrap.GradleDaemon 8.14.3
java_class_path (initial): C:\Users\PAVAN\.gradle\wrapper\dists\gradle-8.14.3-bin\cv11ve7ro1n3o1j4so8xd9n66\gradle-8.14.3\lib\gradle-daemon-main-8.14.3.jar
Launcher Type: SUN_STANDARD

[Global flags]
     intx CICompilerCount                          = 12                                        {product} {ergonomic}
   size_t CompressedClassSpaceSize                 = 436207616                                 {product} {ergonomic}
     uint ConcGCThreads                            = 3                                         {product} {ergonomic}
     uint G1ConcRefinementThreads                  = 13                                        {product} {ergonomic}
   size_t G1HeapRegionSize                         = 1048576                                   {product} {ergonomic}
    uintx GCDrainStackTargetSize                   = 64                                        {product} {ergonomic}
   size_t InitialHeapSize                          = 232783872                                 {product} {ergonomic}
   size_t MarkStackSize                            = 4194304                                   {product} {ergonomic}
   size_t MaxHeapSize                              = 2147483648                                {product} {command line}
   size_t MaxMetaspaceSize                         = 536870912                                 {product} {command line}
   size_t MaxNewSize                               = 1287651328                                {product} {ergonomic}
   size_t MinHeapDeltaBytes                        = 1048576                                   {product} {ergonomic}
   size_t MinHeapSize                              = 8388608                                   {product} {ergonomic}
    uintx NonNMethodCodeHeapSize                   = 7602480                                {pd product} {ergonomic}
    uintx NonProfiledCodeHeapSize                  = 122027880                              {pd product} {ergonomic}
    uintx ProfiledCodeHeapSize                     = 122027880                              {pd product} {ergonomic}
    uintx ReservedCodeCacheSize                    = 251658240                              {pd product} {ergonomic}
     bool SegmentedCodeCache                       = true                                      {product} {ergonomic}
   size_t SoftMaxHeapSize                          = 2147483648                             {manageable} {ergonomic}
     bool UseCompressedOops                        = true                           {product lp64_product} {ergonomic}
     bool UseG1GC                                  = true                                      {product} {ergonomic}
     bool UseLargePagesIndividualAllocation        = false                                  {pd product} {ergonomic}

Logging:
Log output configuration:
 #0: stdout all=warning uptime,level,tags foldmultilines=false
 #1: stderr all=off uptime,level,tags foldmultilines=false

Release file:
JAVA_VERSION="21.0.10" 
MODULES="java.base java.compiler java.datatransfer java.xml java.prefs java.desktop java.instrument java.logging java.management java.security.sasl java.naming java.rmi java.management.rmi java.net.http java.scripting java.security.jgss java.transaction.xa java.sql java.sql.rowset java.xml.crypto java.se java.smartcardio jdk.accessibility jdk.internal.jvmstat jdk.attach jdk.charsets jdk.internal.opt jdk.zipfs jdk.compiler jdk.crypto.ec jdk.crypto.cryptoki jdk.crypto.mscapi jdk.dynalink jdk.internal.ed jdk.editpad jdk.hotspot.agent jdk.httpserver jdk.internal.le jdk.internal.vm.ci jdk.internal.vm.compiler jdk.internal.vm.compiler.management jdk.jartool jdk.javadoc jdk.jcmd jdk.management jdk.management.agent jdk.jconsole jdk.jdeps jdk.jdwp.agent jdk.jdi jdk.jfr jdk.jshell jdk.jsobject jdk.jstatd jdk.localedata jdk.management.jfr jdk.naming.dns jdk.naming.rmi jdk.net jdk.nio.mapmode jdk.random jdk.sctp jdk.security.auth jdk.security.jgss jdk.unsupported jdk.unsupported.desktop jdk.xml.dom" 

Environment Variables:
JAVA_HOME=C:\Program Files\Eclipse Adoptium\jdk-17.0.15.6-hotspot
PATH=C:\Users\PAVAN\AppData\Local\Programs\Microsoft VS Code;C:\Program Files\Microsoft MPI\Bin\;C:\Program Files\Eclipse Adoptium\jdk-17.0.15.6-hotspot\bin;C:\Program Files\Common Files\Oracle\Java\javapath;C:\WINDOWS\system32;C:\WINDOWS;C:\WINDOWS\System32\Wbem;C:\WINDOWS\System32\WindowsPowerShell\v1.0\;C:\WINDOWS\System32\OpenSSH\;C:\Program Files\Git\cmd;C:\MinGW\bin;C:\Program Files\Java\jdk-22\bin;C:\Users\PAVAN\AppData\Local\Programs\Python\Launcher\;C:\Users\PAVAN\AppData\Local\Programs\Python\Python312\;C:\Users\PAVAN\AppData\Local\Programs\Python\Python312\Scripts\;C:\Program Files\MongoDB\Server\8.0\bin;C:\ProgramData\chocolatey\bin;C:\Program Files\MySQL\MySQL Server 8.0\bin;C:\Program Files\Tesseract-OCR;A:\flutter\bin;C:\Users\PAVAN\Downloads\php-8.3.19-nts-Win32-vs16-x64;C:\Program Files\GTK3-Runtime Win64\bin;C:\Users\PAVAN\Downloads\geckodriver-v0.32.2-win64;C:\Users\PAVAN\Downloads\geckodriver-v0.32.2-win64\geckodriver.exe;C:\Users\PAVAN\AppData\Local\nvm;C:\Program Files\Eclipse Adoptium\jdk-17.0.15.6-hotspot\bin;C:\Program Files\nodejs;C:\Program Files\Docker\Docker\resources\bin;C:\Users\PAVAN\Downloads\apache-maven-3.9.10-bin\apache-maven-3.9.10\bin;C:\Users\PAVAN\Downloads\mongosh-2.5.6-win32-x64\mongosh-2.5.6-win32-x64\bin;C:\Program Files\nodejs\;C:\Users\PAVAN\AppData\Local\Programs\Python\Python312\Scripts\;C:\Users\PAVAN\AppData\Local\Programs\Python\Python312\;C:\Users\PAVAN\AppData\Local\Programs\Python\Launcher\;C:\Users\PAVAN\AppData\Local\Microsoft\WindowsApps;C:\Users\PAVAN\AppData\Local\Programs\Microsoft VS Code\bin;A:\flutter\bin;C:\Users\PAVAN\AppData\Local\nvm;C:\Program Files\nodejs;C:\Program Files\Microsoft MPI\Bin;C:\Users\PAVAN\AppData\Roaming\npm
USERNAME=PAVAN
OS=Windows_NT
PROCESSOR_IDENTIFIER=AMD64 Family 25 Model 80 Stepping 0, AuthenticAMD
TMP=C:\Users\PAVAN\AppData\Local\Temp
TEMP=C:\Users\PAVAN\AppData\Local\Temp




Periodic native trim disabled

---------------  S Y S T E M  ---------------

OS:
 Windows 11 , 64 bit Build 26100 (10.0.26100.7920)
OS uptime: 2 days 4:31 hours

CPU: total 16 (initial active 16) (16 cores per cpu, 2 threads per core) family 25 model 80 stepping 0 microcode 0xa50000f, cx8, cmov, fxsr, ht, mmx, 3dnowpref, sse, sse2, sse3, ssse3, sse4a, sse4.1, sse4.2, popcnt, lzcnt, tsc, tscinvbit, avx, avx2, aes, erms, clmul, bmi1, bmi2, adx, sha, fma, vzeroupper, clflush, clflushopt, rdtscp, rdpid, fsrm, f16c, pku, cet_ss
Processor Information for processor 0
  Max Mhz: 1901, Current Mhz: 1901, Mhz Limit: 1901
Processor Information for processor 1
  Max Mhz: 1901, Current Mhz: 1901, Mhz Limit: 1901
Processor Information for processor 2
  Max Mhz: 1901, Current Mhz: 1901, Mhz Limit: 1901
Processor Information for processor 3
  Max Mhz: 1901, Current Mhz: 1901, Mhz Limit: 1901
Processor Information for processor 4
  Max Mhz: 1901, Current Mhz: 1901, Mhz Limit: 1901
Processor Information for processor 5
  Max Mhz: 1901, Current Mhz: 1901, Mhz Limit: 1901
Processor Information for processor 6
  Max Mhz: 1901, Current Mhz: 1819, Mhz Limit: 1901
Processor Information for processor 7
  Max Mhz: 1901, Current Mhz: 1819, Mhz Limit: 1901
Processor Information for processor 8
  Max Mhz: 1901, Current Mhz: 1901, Mhz Limit: 1901
Processor Information for processor 9
  Max Mhz: 1901, Current Mhz: 1901, Mhz Limit: 1901
Processor Information for processor 10
  Max Mhz: 1901, Current Mhz: 1901, Mhz Limit: 1901
Processor Information for processor 11
  Max Mhz: 1901, Current Mhz: 1901, Mhz Limit: 1901
Processor Information for processor 12
  Max Mhz: 1901, Current Mhz: 1901, Mhz Limit: 1901
Processor Information for processor 13
  Max Mhz: 1901, Current Mhz: 1901, Mhz Limit: 1901
Processor Information for processor 14
  Max Mhz: 1901, Current Mhz: 1901, Mhz Limit: 1901
Processor Information for processor 15
  Max Mhz: 1901, Current Mhz: 1901, Mhz Limit: 1901

Memory: 4k page, system-wide physical 14188M (731M free)
TotalPageFile size 27188M (AvailPageFile size 16M)
current process WorkingSet (physical memory assigned to process): 510M, peak: 510M
current process commit charge ("private bytes"): 568M, peak: 571M

vm_info: OpenJDK 64-Bit Server VM (21.0.10+7-LTS) for windows-amd64 JRE (21.0.10+7-LTS), built on 2026-01-20T00:00:00Z by "admin" with MS VC++ 17.12 (VS2022)

END.
